0 info it worked if it ends with ok
1 verbose cli [ '/usr/bin/node', '/usr/bin/npm', 'install', '-g', 'xmysql' ]
2 info using npm@6.14.4
3 info using node@v12.16.3
4 verbose npm-session 2863ca7998e13691
5 silly install loadCurrentTree
6 silly install readGlobalPackageData
7 http fetch GET 200 https://registry.npmjs.org/xmysql 538ms
8 http fetch GET 200 https://registry.npmjs.org/xmysql/-/xmysql-0.5.1.tgz 137ms
9 silly pacote tag manifest for xmysql@latest fetched in 693ms
10 timing stage:loadCurrentTree Completed in 730ms
11 silly install loadIdealTree
12 silly install cloneCurrentTreeToIdealTree
13 timing stage:loadIdealTree:cloneCurrentTree Completed in 0ms
14 silly install loadShrinkwrap
15 timing stage:loadIdealTree:loadShrinkwrap Completed in 2ms
16 silly install loadAllDepsIntoIdealTree
17 silly resolveWithNewModule xmysql@0.5.1 checking installable status
18 http fetch GET 200 https://registry.npmjs.org/assert 88ms
19 http fetch GET 200 https://registry.npmjs.org/commander 153ms
20 http fetch GET 200 https://registry.npmjs.org/multer 141ms
21 http fetch GET 200 https://registry.npmjs.org/colors 156ms
22 http fetch GET 200 https://registry.npmjs.org/body-parser 165ms
23 http fetch GET 200 https://registry.npmjs.org/cluster 165ms
24 http fetch GET 200 https://registry.npmjs.org/morgan 149ms
25 http fetch GET 200 https://registry.npmjs.org/assert/-/assert-1.5.0.tgz 82ms
26 http fetch GET 200 https://registry.npmjs.org/mysql 149ms
27 http fetch GET 200 https://registry.npmjs.org/cors 172ms
28 silly pacote range manifest for assert@^1.4.1 fetched in 221ms
29 silly resolveWithNewModule assert@1.5.0 checking installable status
30 http fetch GET 200 https://registry.npmjs.org/express 199ms
31 http fetch GET 200 https://registry.npmjs.org/mysql/-/mysql-2.18.1.tgz 179ms
32 http fetch GET 200 https://registry.npmjs.org/body-parser/-/body-parser-1.19.0.tgz 204ms
33 http fetch GET 200 https://registry.npmjs.org/multer/-/multer-1.4.2.tgz 206ms
34 http fetch GET 200 https://registry.npmjs.org/commander/-/commander-2.20.3.tgz 208ms
35 http fetch GET 200 https://registry.npmjs.org/morgan/-/morgan-1.10.0.tgz 185ms
36 http fetch GET 200 https://registry.npmjs.org/colors/-/colors-1.4.0.tgz 208ms
37 http fetch GET 200 https://registry.npmjs.org/cors/-/cors-2.8.5.tgz 173ms
38 http fetch GET 200 https://registry.npmjs.org/express/-/express-4.17.1.tgz 163ms
39 http fetch GET 200 https://registry.npmjs.org/cluster/-/cluster-0.7.7.tgz 210ms
40 silly pacote range manifest for mysql@^2.18.1 fetched in 374ms
41 silly resolveWithNewModule mysql@2.18.1 checking installable status
42 silly pacote range manifest for body-parser@^1.18.2 fetched in 401ms
43 silly resolveWithNewModule body-parser@1.19.0 checking installable status
44 silly pacote range manifest for multer@^1.3.0 fetched in 378ms
45 silly resolveWithNewModule multer@1.4.2 checking installable status
46 silly pacote range manifest for commander@^2.11.0 fetched in 392ms
47 silly resolveWithNewModule commander@2.20.3 checking installable status
48 silly pacote range manifest for morgan@^1.9.0 fetched in 381ms
49 silly resolveWithNewModule morgan@1.10.0 checking installable status
50 silly pacote range manifest for colors@^1.1.2 fetched in 394ms
51 silly resolveWithNewModule colors@1.4.0 checking installable status
52 silly pacote range manifest for cors@^2.8.4 fetched in 383ms
53 silly resolveWithNewModule cors@2.8.5 checking installable status
54 silly pacote range manifest for express@^4.16.1 fetched in 382ms
55 silly resolveWithNewModule express@4.17.1 checking installable status
56 silly pacote range manifest for cluster@^0.7.7 fetched in 404ms
57 silly resolveWithNewModule cluster@0.7.7 checking installable status
58 http fetch GET 200 https://registry.npmjs.org/object-assign 30ms
59 http fetch GET 200 https://registry.npmjs.org/util 43ms
60 http fetch GET 200 https://registry.npmjs.org/object-assign/-/object-assign-4.1.1.tgz 33ms
61 silly pacote range manifest for object-assign@^4.1.1 fetched in 67ms
62 silly resolveWithNewModule object-assign@4.1.1 checking installable status
63 http fetch GET 200 https://registry.npmjs.org/util/-/util-0.10.3.tgz 38ms
64 silly pacote version manifest for util@0.10.3 fetched in 85ms
65 silly resolveWithNewModule util@0.10.3 checking installable status
66 http fetch GET 200 https://registry.npmjs.org/inherits 32ms
67 http fetch GET 200 https://registry.npmjs.org/inherits/-/inherits-2.0.1.tgz 42ms
68 silly pacote version manifest for inherits@2.0.1 fetched in 77ms
69 silly resolveWithNewModule inherits@2.0.1 checking installable status
70 http fetch GET 200 https://registry.npmjs.org/bytes 57ms
71 http fetch GET 200 https://registry.npmjs.org/content-type 56ms
72 http fetch GET 200 https://registry.npmjs.org/raw-body 56ms
73 http fetch GET 200 https://registry.npmjs.org/type-is 57ms
74 http fetch GET 200 https://registry.npmjs.org/iconv-lite 61ms
75 http fetch GET 200 https://registry.npmjs.org/debug 62ms
76 http fetch GET 200 https://registry.npmjs.org/depd 63ms
77 http fetch GET 200 https://registry.npmjs.org/http-errors 68ms
78 http fetch GET 200 https://registry.npmjs.org/on-finished 69ms
79 http fetch GET 200 https://registry.npmjs.org/qs 79ms
80 http fetch GET 200 https://registry.npmjs.org/raw-body/-/raw-body-2.4.0.tgz 94ms
81 http fetch GET 200 https://registry.npmjs.org/debug/-/debug-2.6.9.tgz 91ms
82 http fetch GET 200 https://registry.npmjs.org/content-type/-/content-type-1.0.4.tgz 106ms
83 http fetch GET 200 https://registry.npmjs.org/bytes/-/bytes-3.1.0.tgz 106ms
84 http fetch GET 200 https://registry.npmjs.org/type-is/-/type-is-1.6.18.tgz 100ms
85 http fetch GET 200 https://registry.npmjs.org/depd/-/depd-1.1.2.tgz 97ms
86 http fetch GET 200 https://registry.npmjs.org/http-errors/-/http-errors-1.7.2.tgz 95ms
87 http fetch GET 200 https://registry.npmjs.org/on-finished/-/on-finished-2.3.0.tgz 92ms
88 http fetch GET 200 https://registry.npmjs.org/qs/-/qs-6.7.0.tgz 88ms
89 silly pacote version manifest for raw-body@2.4.0 fetched in 176ms
90 silly resolveWithNewModule raw-body@2.4.0 checking installable status
91 silly pacote version manifest for debug@2.6.9 fetched in 180ms
92 silly resolveWithNewModule debug@2.6.9 checking installable status
93 silly pacote range manifest for content-type@~1.0.4 fetched in 182ms
94 silly resolveWithNewModule content-type@1.0.4 checking installable status
95 silly pacote version manifest for bytes@3.1.0 fetched in 182ms
96 silly resolveWithNewModule bytes@3.1.0 checking installable status
97 silly pacote range manifest for type-is@~1.6.17 fetched in 180ms
98 silly resolveWithNewModule type-is@1.6.18 checking installable status
99 http fetch GET 200 https://registry.npmjs.org/iconv-lite/-/iconv-lite-0.4.24.tgz 113ms
100 silly pacote range manifest for depd@~1.1.2 fetched in 183ms
101 silly resolveWithNewModule depd@1.1.2 checking installable status
102 silly pacote version manifest for http-errors@1.7.2 fetched in 183ms
103 silly resolveWithNewModule http-errors@1.7.2 checking installable status
104 silly pacote range manifest for on-finished@~2.3.0 fetched in 183ms
105 silly resolveWithNewModule on-finished@2.3.0 checking installable status
106 silly pacote version manifest for qs@6.7.0 fetched in 183ms
107 silly resolveWithNewModule qs@6.7.0 checking installable status
108 silly pacote version manifest for iconv-lite@0.4.24 fetched in 185ms
109 silly resolveWithNewModule iconv-lite@0.4.24 checking installable status
110 http fetch GET 200 https://registry.npmjs.org/ms 26ms
111 http fetch GET 200 https://registry.npmjs.org/ms/-/ms-2.0.0.tgz 26ms
112 silly pacote version manifest for ms@2.0.0 fetched in 56ms
113 silly resolveWithNewModule ms@2.0.0 checking installable status
114 http fetch GET 200 https://registry.npmjs.org/setprototypeof 31ms
115 http fetch GET 200 https://registry.npmjs.org/toidentifier 40ms
116 http fetch GET 200 https://registry.npmjs.org/statuses 45ms
117 http fetch GET 200 https://registry.npmjs.org/inherits/-/inherits-2.0.3.tgz 41ms
118 silly pacote version manifest for inherits@2.0.3 fetched in 51ms
119 silly resolveWithNewModule inherits@2.0.3 checking installable status
120 http fetch GET 200 https://registry.npmjs.org/setprototypeof/-/setprototypeof-1.1.1.tgz 47ms
121 http fetch GET 200 https://registry.npmjs.org/statuses/-/statuses-1.5.0.tgz 36ms
122 silly pacote version manifest for setprototypeof@1.1.1 fetched in 85ms
123 silly resolveWithNewModule setprototypeof@1.1.1 checking installable status
124 silly pacote range manifest for statuses@>= 1.5.0 < 2 fetched in 86ms
125 silly resolveWithNewModule statuses@1.5.0 checking installable status
126 http fetch GET 200 https://registry.npmjs.org/toidentifier/-/toidentifier-1.0.0.tgz 46ms
127 silly pacote version manifest for toidentifier@1.0.0 fetched in 89ms
128 silly resolveWithNewModule toidentifier@1.0.0 checking installable status
129 http fetch GET 200 https://registry.npmjs.org/safer-buffer 37ms
130 http fetch GET 200 https://registry.npmjs.org/safer-buffer/-/safer-buffer-2.1.2.tgz 32ms
131 silly pacote range manifest for safer-buffer@>= 2.1.2 < 3 fetched in 72ms
132 silly resolveWithNewModule safer-buffer@2.1.2 checking installable status
133 http fetch GET 200 https://registry.npmjs.org/ee-first 24ms
134 http fetch GET 200 https://registry.npmjs.org/ee-first/-/ee-first-1.1.1.tgz 38ms
135 silly pacote version manifest for ee-first@1.1.1 fetched in 65ms
136 silly resolveWithNewModule ee-first@1.1.1 checking installable status
137 http fetch GET 200 https://registry.npmjs.org/unpipe 32ms
138 http fetch GET 200 https://registry.npmjs.org/unpipe/-/unpipe-1.0.0.tgz 28ms
139 silly pacote version manifest for unpipe@1.0.0 fetched in 62ms
140 silly resolveWithNewModule unpipe@1.0.0 checking installable status
141 http fetch GET 200 https://registry.npmjs.org/mime-types 34ms
142 http fetch GET 200 https://registry.npmjs.org/media-typer 50ms
143 http fetch GET 200 https://registry.npmjs.org/mime-types/-/mime-types-2.1.27.tgz 35ms
144 silly pacote range manifest for mime-types@~2.1.24 fetched in 72ms
145 silly resolveWithNewModule mime-types@2.1.27 checking installable status
146 http fetch GET 200 https://registry.npmjs.org/media-typer/-/media-typer-0.3.0.tgz 35ms
147 silly pacote version manifest for media-typer@0.3.0 fetched in 88ms
148 silly resolveWithNewModule media-typer@0.3.0 checking installable status
149 http fetch GET 200 https://registry.npmjs.org/mime-db 29ms
150 http fetch GET 200 https://registry.npmjs.org/mime-db/-/mime-db-1.44.0.tgz 37ms
151 silly pacote version manifest for mime-db@1.44.0 fetched in 68ms
152 silly resolveWithNewModule mime-db@1.44.0 checking installable status
153 http fetch GET 200 https://registry.npmjs.org/mkdirp 30ms
154 http fetch GET 200 https://registry.npmjs.org/log 43ms
155 http fetch GET 200 https://registry.npmjs.org/mkdirp/-/mkdirp-1.0.4.tgz 32ms
156 silly pacote range manifest for mkdirp@>= 0.0.1 fetched in 66ms
157 silly resolveWithNewModule mkdirp@1.0.4 checking installable status
158 http fetch GET 200 https://registry.npmjs.org/log/-/log-6.0.0.tgz 37ms
159 silly pacote range manifest for log@>= 1.2.0 fetched in 82ms
160 silly resolveWithNewModule log@6.0.0 checking installable status
161 http fetch GET 200 https://registry.npmjs.org/d 52ms
162 http fetch GET 200 https://registry.npmjs.org/type 52ms
163 http fetch GET 200 https://registry.npmjs.org/duration 57ms
164 http fetch GET 200 https://registry.npmjs.org/es5-ext 57ms
165 http fetch GET 200 https://registry.npmjs.org/sprintf-kit 58ms
166 http fetch GET 200 https://registry.npmjs.org/event-emitter 59ms
167 http fetch GET 200 https://registry.npmjs.org/type/-/type-1.2.0.tgz 120ms
168 http fetch GET 200 https://registry.npmjs.org/d/-/d-1.0.1.tgz 122ms
169 http fetch GET 200 https://registry.npmjs.org/es5-ext/-/es5-ext-0.10.53.tgz 122ms
170 http fetch GET 200 https://registry.npmjs.org/duration/-/duration-0.2.2.tgz 124ms
171 http fetch GET 200 https://registry.npmjs.org/event-emitter/-/event-emitter-0.3.5.tgz 123ms
172 http fetch GET 200 https://registry.npmjs.org/sprintf-kit/-/sprintf-kit-2.0.0.tgz 123ms
173 silly pacote range manifest for d@^1.0.0 fetched in 188ms
174 silly resolveWithNewModule d@1.0.1 checking installable status
175 silly pacote range manifest for type@^1.0.1 fetched in 188ms
176 silly resolveWithNewModule type@1.2.0 checking installable status
177 silly pacote range manifest for es5-ext@^0.10.49 fetched in 192ms
178 silly resolveWithNewModule es5-ext@0.10.53 checking installable status
179 silly pacote range manifest for duration@^0.2.2 fetched in 193ms
180 silly resolveWithNewModule duration@0.2.2 checking installable status
181 silly pacote range manifest for event-emitter@^0.3.5 fetched in 192ms
182 silly resolveWithNewModule event-emitter@0.3.5 checking installable status
183 silly pacote range manifest for sprintf-kit@^2.0.0 fetched in 192ms
184 silly resolveWithNewModule sprintf-kit@2.0.0 checking installable status
185 http fetch GET 200 https://registry.npmjs.org/es6-iterator 30ms
186 http fetch GET 200 https://registry.npmjs.org/es6-symbol 31ms
187 http fetch GET 200 https://registry.npmjs.org/next-tick 45ms
188 http fetch GET 200 https://registry.npmjs.org/es6-iterator/-/es6-iterator-2.0.3.tgz 32ms
189 silly pacote range manifest for es6-iterator@~2.0.3 fetched in 72ms
190 silly resolveWithNewModule es6-iterator@2.0.3 checking installable status
191 http fetch GET 200 https://registry.npmjs.org/next-tick/-/next-tick-1.0.0.tgz 31ms
192 silly pacote range manifest for next-tick@~1.0.0 fetched in 83ms
193 silly resolveWithNewModule next-tick@1.0.0 checking installable status
194 http fetch GET 200 https://registry.npmjs.org/es6-symbol/-/es6-symbol-3.1.3.tgz 42ms
195 silly pacote range manifest for es6-symbol@~3.1.3 fetched in 85ms
196 silly resolveWithNewModule es6-symbol@3.1.3 checking installable status
197 http fetch GET 200 https://registry.npmjs.org/ext 48ms
198 http fetch GET 200 https://registry.npmjs.org/ext/-/ext-1.4.0.tgz 42ms
199 silly pacote range manifest for ext@^1.1.2 fetched in 92ms
200 silly resolveWithNewModule ext@1.4.0 checking installable status
201 http fetch GET 200 https://registry.npmjs.org/type/-/type-2.0.0.tgz 45ms
202 silly pacote range manifest for type@^2.0.0 fetched in 47ms
203 silly resolveWithNewModule type@2.0.0 checking installable status
204 http fetch GET 200 https://registry.npmjs.org/vary 25ms
205 http fetch GET 200 https://registry.npmjs.org/vary/-/vary-1.1.2.tgz 28ms
206 silly pacote range manifest for vary@^1 fetched in 56ms
207 silly resolveWithNewModule vary@1.1.2 checking installable status
208 http fetch GET 200 https://registry.npmjs.org/array-flatten 58ms
209 http fetch GET 200 https://registry.npmjs.org/encodeurl 56ms
210 http fetch GET 200 https://registry.npmjs.org/content-disposition 70ms
211 http fetch GET 200 https://registry.npmjs.org/etag 68ms
212 http fetch GET 200 https://registry.npmjs.org/fresh 67ms
213 http fetch GET 200 https://registry.npmjs.org/accepts 77ms
214 http fetch GET 200 https://registry.npmjs.org/finalhandler 102ms
215 http fetch GET 200 https://registry.npmjs.org/escape-html 111ms
216 http fetch GET 200 https://registry.npmjs.org/cookie 118ms
217 http fetch GET 200 https://registry.npmjs.org/cookie-signature 118ms
218 http fetch GET 200 https://registry.npmjs.org/array-flatten/-/array-flatten-1.1.1.tgz 74ms
219 http fetch GET 200 https://registry.npmjs.org/encodeurl/-/encodeurl-1.0.2.tgz 64ms
220 silly pacote version manifest for array-flatten@1.1.1 fetched in 137ms
221 silly resolveWithNewModule array-flatten@1.1.1 checking installable status
222 silly pacote range manifest for encodeurl@~1.0.2 fetched in 141ms
223 silly resolveWithNewModule encodeurl@1.0.2 checking installable status
224 http fetch GET 200 https://registry.npmjs.org/etag/-/etag-1.8.1.tgz 72ms
225 http fetch GET 200 https://registry.npmjs.org/content-disposition/-/content-disposition-0.5.3.tgz 73ms
226 http fetch GET 200 https://registry.npmjs.org/cookie/-/cookie-0.4.0.tgz 49ms
227 http fetch GET 200 https://registry.npmjs.org/accepts/-/accepts-1.3.7.tgz 57ms
228 http fetch GET 200 https://registry.npmjs.org/fresh/-/fresh-0.5.2.tgz 77ms
229 http fetch GET 200 https://registry.npmjs.org/cookie-signature/-/cookie-signature-1.0.6.tgz 51ms
230 http fetch GET 200 https://registry.npmjs.org/escape-html/-/escape-html-1.0.3.tgz 55ms
231 http fetch GET 200 https://registry.npmjs.org/finalhandler/-/finalhandler-1.1.2.tgz 56ms
232 http fetch GET 200 https://registry.npmjs.org/merge-descriptors 41ms
233 silly pacote version manifest for content-disposition@0.5.3 fetched in 183ms
234 silly resolveWithNewModule content-disposition@0.5.3 checking installable status
235 silly pacote range manifest for etag@~1.8.1 fetched in 181ms
236 silly resolveWithNewModule etag@1.8.1 checking installable status
237 http fetch GET 200 https://registry.npmjs.org/methods 40ms
238 silly pacote version manifest for cookie@0.4.0 fetched in 188ms
239 silly resolveWithNewModule cookie@0.4.0 checking installable status
240 silly pacote version manifest for fresh@0.5.2 fetched in 186ms
241 silly resolveWithNewModule fresh@0.5.2 checking installable status
242 silly pacote version manifest for cookie-signature@1.0.6 fetched in 189ms
243 silly resolveWithNewModule cookie-signature@1.0.6 checking installable status
244 silly pacote range manifest for accepts@~1.3.7 fetched in 194ms
245 silly resolveWithNewModule accepts@1.3.7 checking installable status
246 silly pacote range manifest for escape-html@~1.0.3 fetched in 193ms
247 silly resolveWithNewModule escape-html@1.0.3 checking installable status
248 silly pacote range manifest for finalhandler@~1.1.2 fetched in 193ms
249 silly resolveWithNewModule finalhandler@1.1.2 checking installable status
250 http fetch GET 200 https://registry.npmjs.org/merge-descriptors/-/merge-descriptors-1.0.1.tgz 30ms
251 http fetch GET 200 https://registry.npmjs.org/parseurl 41ms
252 silly pacote version manifest for merge-descriptors@1.0.1 fetched in 94ms
253 silly resolveWithNewModule merge-descriptors@1.0.1 checking installable status
254 http fetch GET 200 https://registry.npmjs.org/proxy-addr 48ms
255 http fetch GET 200 https://registry.npmjs.org/methods/-/methods-1.1.2.tgz 53ms
256 http fetch GET 200 https://registry.npmjs.org/range-parser 52ms
257 http fetch GET 200 https://registry.npmjs.org/path-to-regexp 61ms
258 http fetch GET 200 https://registry.npmjs.org/safe-buffer 54ms
259 http fetch GET 200 https://registry.npmjs.org/serve-static 52ms
260 http fetch GET 200 https://registry.npmjs.org/send 63ms
261 silly pacote range manifest for methods@~1.1.2 fetched in 116ms
262 silly resolveWithNewModule methods@1.1.2 checking installable status
263 http fetch GET 200 https://registry.npmjs.org/utils-merge 66ms
264 http fetch GET 200 https://registry.npmjs.org/parseurl/-/parseurl-1.3.3.tgz 40ms
265 silly pacote range manifest for parseurl@~1.3.3 fetched in 84ms
266 silly resolveWithNewModule parseurl@1.3.3 checking installable status
267 http fetch GET 200 https://registry.npmjs.org/proxy-addr/-/proxy-addr-2.0.6.tgz 33ms
268 http fetch GET 200 https://registry.npmjs.org/range-parser/-/range-parser-1.2.1.tgz 31ms
269 silly pacote range manifest for proxy-addr@~2.0.5 fetched in 91ms
270 silly resolveWithNewModule proxy-addr@2.0.6 checking installable status
271 http fetch GET 200 https://registry.npmjs.org/serve-static/-/serve-static-1.14.1.tgz 30ms
272 silly pacote range manifest for range-parser@~1.2.1 fetched in 93ms
273 silly resolveWithNewModule range-parser@1.2.1 checking installable status
274 http fetch GET 200 https://registry.npmjs.org/path-to-regexp/-/path-to-regexp-0.1.7.tgz 36ms
275 silly pacote version manifest for serve-static@1.14.1 fetched in 90ms
276 silly resolveWithNewModule serve-static@1.14.1 checking installable status
277 silly pacote version manifest for path-to-regexp@0.1.7 fetched in 103ms
278 silly resolveWithNewModule path-to-regexp@0.1.7 checking installable status
279 http fetch GET 200 https://registry.npmjs.org/safe-buffer/-/safe-buffer-5.1.2.tgz 51ms
280 http fetch GET 200 https://registry.npmjs.org/utils-merge/-/utils-merge-1.0.1.tgz 38ms
281 http fetch GET 200 https://registry.npmjs.org/send/-/send-0.17.1.tgz 44ms
282 silly pacote version manifest for safe-buffer@5.1.2 fetched in 113ms
283 silly resolveWithNewModule safe-buffer@5.1.2 checking installable status
284 silly pacote version manifest for utils-merge@1.0.1 fetched in 109ms
285 silly resolveWithNewModule utils-merge@1.0.1 checking installable status
286 silly pacote version manifest for send@0.17.1 fetched in 112ms
287 silly resolveWithNewModule send@0.17.1 checking installable status
288 http fetch GET 200 https://registry.npmjs.org/negotiator 39ms
289 http fetch GET 200 https://registry.npmjs.org/negotiator/-/negotiator-0.6.2.tgz 27ms
290 silly pacote version manifest for negotiator@0.6.2 fetched in 70ms
291 silly resolveWithNewModule negotiator@0.6.2 checking installable status
292 http fetch GET 200 https://registry.npmjs.org/forwarded 25ms
293 http fetch GET 200 https://registry.npmjs.org/ipaddr.js 40ms
294 http fetch GET 200 https://registry.npmjs.org/forwarded/-/forwarded-0.1.2.tgz 24ms
295 silly pacote range manifest for forwarded@~0.1.2 fetched in 52ms
296 silly resolveWithNewModule forwarded@0.1.2 checking installable status
297 http fetch GET 200 https://registry.npmjs.org/ipaddr.js/-/ipaddr.js-1.9.1.tgz 29ms
298 silly pacote version manifest for ipaddr.js@1.9.1 fetched in 72ms
299 silly resolveWithNewModule ipaddr.js@1.9.1 checking installable status
300 http fetch GET 200 https://registry.npmjs.org/mime 29ms
301 http fetch GET 200 https://registry.npmjs.org/destroy 33ms
302 http fetch GET 200 https://registry.npmjs.org/ms/-/ms-2.1.1.tgz 34ms
303 silly pacote version manifest for ms@2.1.1 fetched in 37ms
304 silly resolveWithNewModule ms@2.1.1 checking installable status
305 http fetch GET 200 https://registry.npmjs.org/destroy/-/destroy-1.0.4.tgz 33ms
306 silly pacote range manifest for destroy@~1.0.4 fetched in 69ms
307 silly resolveWithNewModule destroy@1.0.4 checking installable status
308 http fetch GET 200 https://registry.npmjs.org/mime/-/mime-1.6.0.tgz 38ms
309 silly pacote version manifest for mime@1.6.0 fetched in 72ms
310 silly resolveWithNewModule mime@1.6.0 checking installable status
311 http fetch GET 200 https://registry.npmjs.org/on-headers 30ms
312 http fetch GET 200 https://registry.npmjs.org/depd/-/depd-2.0.0.tgz 33ms
313 http fetch GET 200 https://registry.npmjs.org/basic-auth 35ms
314 silly pacote range manifest for depd@~2.0.0 fetched in 40ms
315 silly resolveWithNewModule depd@2.0.0 checking installable status
316 http fetch GET 200 https://registry.npmjs.org/on-headers/-/on-headers-1.0.2.tgz 28ms
317 http fetch GET 200 https://registry.npmjs.org/basic-auth/-/basic-auth-2.0.1.tgz 29ms
318 silly pacote range manifest for on-headers@~1.0.2 fetched in 67ms
319 silly resolveWithNewModule on-headers@1.0.2 checking installable status
320 silly pacote range manifest for basic-auth@~2.0.1 fetched in 75ms
321 silly resolveWithNewModule basic-auth@2.0.1 checking installable status
322 http fetch GET 200 https://registry.npmjs.org/busboy 44ms
323 http fetch GET 200 https://registry.npmjs.org/mkdirp/-/mkdirp-0.5.5.tgz 44ms
324 http fetch GET 200 https://registry.npmjs.org/xtend 48ms
325 http fetch GET 200 https://registry.npmjs.org/concat-stream 49ms
326 http fetch GET 200 https://registry.npmjs.org/append-field 51ms
327 silly pacote range manifest for mkdirp@^0.5.1 fetched in 55ms
328 silly resolveWithNewModule mkdirp@0.5.5 checking installable status
329 http fetch GET 200 https://registry.npmjs.org/busboy/-/busboy-0.2.14.tgz 62ms
330 http fetch GET 200 https://registry.npmjs.org/append-field/-/append-field-1.0.0.tgz 58ms
331 http fetch GET 200 https://registry.npmjs.org/concat-stream/-/concat-stream-1.6.2.tgz 60ms
332 http fetch GET 200 https://registry.npmjs.org/xtend/-/xtend-4.0.2.tgz 61ms
333 silly pacote range manifest for append-field@^1.0.0 fetched in 117ms
334 silly resolveWithNewModule append-field@1.0.0 checking installable status
335 silly pacote range manifest for concat-stream@^1.5.2 fetched in 117ms
336 silly resolveWithNewModule concat-stream@1.6.2 checking installable status
337 silly pacote range manifest for busboy@^0.2.11 fetched in 118ms
338 silly resolveWithNewModule busboy@0.2.14 checking installable status
339 silly pacote range manifest for xtend@^4.0.0 fetched in 118ms
340 silly resolveWithNewModule xtend@4.0.2 checking installable status
341 http fetch GET 200 https://registry.npmjs.org/dicer 25ms
342 http fetch GET 200 https://registry.npmjs.org/readable-stream 35ms
343 http fetch GET 200 https://registry.npmjs.org/dicer/-/dicer-0.2.5.tgz 31ms
344 silly pacote version manifest for dicer@0.2.5 fetched in 59ms
345 silly resolveWithNewModule dicer@0.2.5 checking installable status
346 http fetch GET 200 https://registry.npmjs.org/readable-stream/-/readable-stream-1.1.14.tgz 26ms
347 silly pacote range manifest for readable-stream@1.1.x fetched in 71ms
348 silly resolveWithNewModule readable-stream@1.1.14 checking installable status
349 http fetch GET 200 https://registry.npmjs.org/streamsearch 23ms
350 http fetch GET 200 https://registry.npmjs.org/streamsearch/-/streamsearch-0.1.2.tgz 35ms
351 silly pacote version manifest for streamsearch@0.1.2 fetched in 61ms
352 silly resolveWithNewModule streamsearch@0.1.2 checking installable status
353 http fetch GET 200 https://registry.npmjs.org/isarray 25ms
354 http fetch GET 200 https://registry.npmjs.org/core-util-is 37ms
355 http fetch GET 200 https://registry.npmjs.org/string_decoder 36ms
356 http fetch GET 200 https://registry.npmjs.org/isarray/-/isarray-0.0.1.tgz 28ms
357 silly pacote version manifest for isarray@0.0.1 fetched in 64ms
358 silly resolveWithNewModule isarray@0.0.1 checking installable status
359 http fetch GET 200 https://registry.npmjs.org/core-util-is/-/core-util-is-1.0.2.tgz 29ms
360 http fetch GET 200 https://registry.npmjs.org/string_decoder/-/string_decoder-0.10.31.tgz 29ms
361 silly pacote range manifest for core-util-is@~1.0.0 fetched in 70ms
362 silly resolveWithNewModule core-util-is@1.0.2 checking installable status
363 silly pacote range manifest for string_decoder@~0.10.x fetched in 69ms
364 silly resolveWithNewModule string_decoder@0.10.31 checking installable status
365 http fetch GET 200 https://registry.npmjs.org/typedarray 30ms
366 http fetch GET 200 https://registry.npmjs.org/buffer-from 36ms
367 http fetch GET 200 https://registry.npmjs.org/inherits/-/inherits-2.0.4.tgz 35ms
368 http fetch GET 200 https://registry.npmjs.org/readable-stream/-/readable-stream-2.3.7.tgz 37ms
369 silly pacote range manifest for inherits@^2.0.3 fetched in 43ms
370 silly resolveWithNewModule inherits@2.0.4 checking installable status
371 silly pacote range manifest for readable-stream@^2.2.2 fetched in 44ms
372 silly resolveWithNewModule readable-stream@2.3.7 checking installable status
373 http fetch GET 200 https://registry.npmjs.org/typedarray/-/typedarray-0.0.6.tgz 40ms
374 http fetch GET 200 https://registry.npmjs.org/buffer-from/-/buffer-from-1.1.1.tgz 35ms
375 silly pacote range manifest for typedarray@^0.0.6 fetched in 74ms
376 silly resolveWithNewModule typedarray@0.0.6 checking installable status
377 silly pacote range manifest for buffer-from@^1.0.0 fetched in 75ms
378 silly resolveWithNewModule buffer-from@1.1.1 checking installable status
379 http fetch GET 200 https://registry.npmjs.org/util-deprecate 30ms
380 http fetch GET 200 https://registry.npmjs.org/process-nextick-args 32ms
381 http fetch GET 200 https://registry.npmjs.org/string_decoder/-/string_decoder-1.1.1.tgz 29ms
382 silly pacote range manifest for string_decoder@~1.1.1 fetched in 41ms
383 silly resolveWithNewModule string_decoder@1.1.1 checking installable status
384 http fetch GET 200 https://registry.npmjs.org/isarray/-/isarray-1.0.0.tgz 39ms
385 silly pacote range manifest for isarray@~1.0.0 fetched in 43ms
386 silly resolveWithNewModule isarray@1.0.0 checking installable status
387 http fetch GET 200 https://registry.npmjs.org/util-deprecate/-/util-deprecate-1.0.2.tgz 27ms
388 silly pacote range manifest for util-deprecate@~1.0.1 fetched in 61ms
389 silly resolveWithNewModule util-deprecate@1.0.2 checking installable status
390 http fetch GET 200 https://registry.npmjs.org/process-nextick-args/-/process-nextick-args-2.0.1.tgz 30ms
391 silly pacote range manifest for process-nextick-args@~2.0.0 fetched in 66ms
392 silly resolveWithNewModule process-nextick-args@2.0.1 checking installable status
393 http fetch GET 200 https://registry.npmjs.org/minimist 24ms
394 http fetch GET 200 https://registry.npmjs.org/minimist/-/minimist-1.2.5.tgz 33ms
395 silly pacote range manifest for minimist@^1.2.5 fetched in 58ms
396 silly resolveWithNewModule minimist@1.2.5 checking installable status
397 http fetch GET 200 https://registry.npmjs.org/readable-stream/-/readable-stream-2.3.7.tgz 13ms (from cache)
398 silly pacote version manifest for readable-stream@2.3.7 fetched in 24ms
399 silly resolveWithNewModule readable-stream@2.3.7 checking installable status
400 http fetch GET 200 https://registry.npmjs.org/sqlstring 30ms
401 http fetch GET 200 https://registry.npmjs.org/bignumber.js 56ms
402 http fetch GET 200 https://registry.npmjs.org/sqlstring/-/sqlstring-2.3.1.tgz 27ms
403 silly pacote version manifest for sqlstring@2.3.1 fetched in 60ms
404 silly resolveWithNewModule sqlstring@2.3.1 checking installable status
405 http fetch GET 200 https://registry.npmjs.org/bignumber.js/-/bignumber.js-9.0.0.tgz 34ms
406 silly pacote version manifest for bignumber.js@9.0.0 fetched in 92ms
407 silly resolveWithNewModule bignumber.js@9.0.0 checking installable status
408 silly pacote range manifest for inherits@~2.0.3 fetched in 2ms
409 silly resolveWithNewModule inherits@2.0.4 checking installable status
410 silly pacote range manifest for isarray@~1.0.0 fetched in 2ms
411 silly resolveWithNewModule isarray@1.0.0 checking installable status
412 silly pacote range manifest for string_decoder@~1.1.1 fetched in 3ms
413 silly resolveWithNewModule string_decoder@1.1.1 checking installable status
414 timing stage:loadIdealTree:loadAllDepsIntoIdealTree Completed in 3210ms
415 timing stage:loadIdealTree Completed in 3293ms
416 silly currentTree lib
417 silly idealTree lib
417 silly idealTree └─┬ xmysql@0.5.1
417 silly idealTree   ├── accepts@1.3.7
417 silly idealTree   ├── append-field@1.0.0
417 silly idealTree   ├── array-flatten@1.1.1
417 silly idealTree   ├── assert@1.5.0
417 silly idealTree   ├── basic-auth@2.0.1
417 silly idealTree   ├── bignumber.js@9.0.0
417 silly idealTree   ├── body-parser@1.19.0
417 silly idealTree   ├── buffer-from@1.1.1
417 silly idealTree   ├── busboy@0.2.14
417 silly idealTree   ├── bytes@3.1.0
417 silly idealTree   ├── cluster@0.7.7
417 silly idealTree   ├── colors@1.4.0
417 silly idealTree   ├── commander@2.20.3
417 silly idealTree   ├─┬ concat-stream@1.6.2
417 silly idealTree   │ ├── inherits@2.0.4
417 silly idealTree   │ ├── isarray@1.0.0
417 silly idealTree   │ ├── readable-stream@2.3.7
417 silly idealTree   │ └── string_decoder@1.1.1
417 silly idealTree   ├── content-disposition@0.5.3
417 silly idealTree   ├── content-type@1.0.4
417 silly idealTree   ├── cookie-signature@1.0.6
417 silly idealTree   ├── cookie@0.4.0
417 silly idealTree   ├── core-util-is@1.0.2
417 silly idealTree   ├── cors@2.8.5
417 silly idealTree   ├── d@1.0.1
417 silly idealTree   ├── debug@2.6.9
417 silly idealTree   ├── depd@1.1.2
417 silly idealTree   ├── destroy@1.0.4
417 silly idealTree   ├── dicer@0.2.5
417 silly idealTree   ├── duration@0.2.2
417 silly idealTree   ├── ee-first@1.1.1
417 silly idealTree   ├── encodeurl@1.0.2
417 silly idealTree   ├── es5-ext@0.10.53
417 silly idealTree   ├── es6-iterator@2.0.3
417 silly idealTree   ├── es6-symbol@3.1.3
417 silly idealTree   ├── escape-html@1.0.3
417 silly idealTree   ├── etag@1.8.1
417 silly idealTree   ├── event-emitter@0.3.5
417 silly idealTree   ├── express@4.17.1
417 silly idealTree   ├─┬ ext@1.4.0
417 silly idealTree   │ └── type@2.0.0
417 silly idealTree   ├── finalhandler@1.1.2
417 silly idealTree   ├── forwarded@0.1.2
417 silly idealTree   ├── fresh@0.5.2
417 silly idealTree   ├─┬ http-errors@1.7.2
417 silly idealTree   │ └── inherits@2.0.3
417 silly idealTree   ├── iconv-lite@0.4.24
417 silly idealTree   ├── inherits@2.0.1
417 silly idealTree   ├── ipaddr.js@1.9.1
417 silly idealTree   ├── isarray@0.0.1
417 silly idealTree   ├── log@6.0.0
417 silly idealTree   ├── media-typer@0.3.0
417 silly idealTree   ├── merge-descriptors@1.0.1
417 silly idealTree   ├── methods@1.1.2
417 silly idealTree   ├── mime-db@1.44.0
417 silly idealTree   ├── mime-types@2.1.27
417 silly idealTree   ├── mime@1.6.0
417 silly idealTree   ├── minimist@1.2.5
417 silly idealTree   ├── mkdirp@1.0.4
417 silly idealTree   ├─┬ morgan@1.10.0
417 silly idealTree   │ └── depd@2.0.0
417 silly idealTree   ├── ms@2.0.0
417 silly idealTree   ├─┬ multer@1.4.2
417 silly idealTree   │ └── mkdirp@0.5.5
417 silly idealTree   ├─┬ mysql@2.18.1
417 silly idealTree   │ ├── inherits@2.0.4
417 silly idealTree   │ ├── isarray@1.0.0
417 silly idealTree   │ ├── readable-stream@2.3.7
417 silly idealTree   │ └── string_decoder@1.1.1
417 silly idealTree   ├── negotiator@0.6.2
417 silly idealTree   ├── next-tick@1.0.0
417 silly idealTree   ├── object-assign@4.1.1
417 silly idealTree   ├── on-finished@2.3.0
417 silly idealTree   ├── on-headers@1.0.2
417 silly idealTree   ├── parseurl@1.3.3
417 silly idealTree   ├── path-to-regexp@0.1.7
417 silly idealTree   ├── process-nextick-args@2.0.1
417 silly idealTree   ├── proxy-addr@2.0.6
417 silly idealTree   ├── qs@6.7.0
417 silly idealTree   ├── range-parser@1.2.1
417 silly idealTree   ├── raw-body@2.4.0
417 silly idealTree   ├── readable-stream@1.1.14
417 silly idealTree   ├── safe-buffer@5.1.2
417 silly idealTree   ├── safer-buffer@2.1.2
417 silly idealTree   ├─┬ send@0.17.1
417 silly idealTree   │ └── ms@2.1.1
417 silly idealTree   ├── serve-static@1.14.1
417 silly idealTree   ├── setprototypeof@1.1.1
417 silly idealTree   ├── sprintf-kit@2.0.0
417 silly idealTree   ├── sqlstring@2.3.1
417 silly idealTree   ├── statuses@1.5.0
417 silly idealTree   ├── streamsearch@0.1.2
417 silly idealTree   ├── string_decoder@0.10.31
417 silly idealTree   ├── toidentifier@1.0.0
417 silly idealTree   ├── type-is@1.6.18
417 silly idealTree   ├── type@1.2.0
417 silly idealTree   ├── typedarray@0.0.6
417 silly idealTree   ├── unpipe@1.0.0
417 silly idealTree   ├── util-deprecate@1.0.2
417 silly idealTree   ├── util@0.10.3
417 silly idealTree   ├── utils-merge@1.0.1
417 silly idealTree   ├── vary@1.1.2
417 silly idealTree   └── xtend@4.0.2
418 silly install generateActionsToTake
419 warn checkPermissions Missing write access to /usr/lib/node_modules
420 timing stage:rollbackFailedOptional Completed in 0ms
421 timing stage:runTopLevelLifecycles Completed in 4044ms
422 verbose stack Error: EACCES: permission denied, access '/usr/lib/node_modules'
423 verbose cwd /home/ubuntu
424 verbose Linux 4.15.0-1065-aws
425 verbose argv "/usr/bin/node" "/usr/bin/npm" "install" "-g" "xmysql"
426 verbose node v12.16.3
427 verbose npm  v6.14.4
428 error code EACCES
429 error syscall access
430 error path /usr/lib/node_modules
431 error errno -13
432 error Error: EACCES: permission denied, access '/usr/lib/node_modules'
432 error  [Error: EACCES: permission denied, access '/usr/lib/node_modules'] {
432 error   errno: -13,
432 error   code: 'EACCES',
432 error   syscall: 'access',
432 error   path: '/usr/lib/node_modules'
432 error }
433 error The operation was rejected by your operating system.
433 error It is likely you do not have the permissions to access this file as the current user
433 error
433 error If you believe this might be a permissions issue, please double-check the
433 error permissions of the file and its containing directories, or try running
433 error the command again as root/Administrator.
434 verbose exit [ -13, true ]
