0 info it worked if it ends with ok
1 verbose cli [ '/usr/bin/node', '/usr/bin/npm', 'install', '-g', 'pm2' ]
2 info using npm@6.14.4
3 info using node@v12.16.3
4 verbose npm-session 3fecb83b9b77b0aa
5 silly install loadCurrentTree
6 silly install readGlobalPackageData
7 http fetch GET 200 https://registry.npmjs.org/pm2 190ms
8 http fetch GET 200 https://registry.npmjs.org/pm2/-/pm2-4.4.0.tgz 78ms
9 silly pacote tag manifest for pm2@latest fetched in 294ms
10 timing stage:loadCurrentTree Completed in 332ms
11 silly install loadIdealTree
12 silly install cloneCurrentTreeToIdealTree
13 timing stage:loadIdealTree:cloneCurrentTree Completed in 1ms
14 silly install loadShrinkwrap
15 timing stage:loadIdealTree:loadShrinkwrap Completed in 1ms
16 silly install loadAllDepsIntoIdealTree
17 silly resolveWithNewModule pm2@4.4.0 checking installable status
18 http fetch GET 200 https://registry.npmjs.org/@pm2%2fagent 99ms
19 http fetch GET 200 https://registry.npmjs.org/blessed 177ms
20 http fetch GET 200 https://registry.npmjs.org/cli-tableau 173ms
21 http fetch GET 200 https://registry.npmjs.org/async 185ms
22 http fetch GET 200 https://registry.npmjs.org/@pm2%2fpm2-version-check 202ms
23 http fetch GET 200 https://registry.npmjs.org/chalk 196ms
24 http fetch GET 200 https://registry.npmjs.org/chokidar 194ms
25 http fetch GET 200 https://registry.npmjs.org/@pm2%2fjs-api 228ms
26 http fetch GET 200 https://registry.npmjs.org/@pm2/agent/-/agent-1.0.4.tgz 132ms
27 http fetch GET 200 https://registry.npmjs.org/@pm2%2fio 235ms
28 http fetch GET 304 https://registry.npmjs.org/commander 376ms (from cache)
29 silly pacote range manifest for @pm2/agent@~1.0.2 fetched in 415ms
30 silly resolveWithNewModule @pm2/agent@1.0.4 checking installable status
31 http fetch GET 200 https://registry.npmjs.org/chalk/-/chalk-3.0.0.tgz 186ms
32 http fetch GET 200 https://registry.npmjs.org/chokidar/-/chokidar-3.4.0.tgz 185ms
33 http fetch GET 200 https://registry.npmjs.org/cli-tableau/-/cli-tableau-2.0.0.tgz 211ms
34 http fetch GET 200 https://registry.npmjs.org/async/-/async-3.2.0.tgz 210ms
35 http fetch GET 200 https://registry.npmjs.org/blessed/-/blessed-0.1.81.tgz 214ms
36 http fetch GET 200 https://registry.npmjs.org/@pm2/pm2-version-check/-/pm2-version-check-1.0.3.tgz 203ms
37 http fetch GET 200 https://registry.npmjs.org/@pm2/io/-/io-4.3.5.tgz 151ms
38 http fetch GET 200 https://registry.npmjs.org/@pm2/js-api/-/js-api-0.6.0.tgz 190ms
39 silly pacote range manifest for chokidar@^3.3.0 fetched in 414ms
40 silly resolveWithNewModule chokidar@3.4.0 checking installable status
41 silly pacote range manifest for cli-tableau@^2.0.0 fetched in 416ms
42 silly resolveWithNewModule cli-tableau@2.0.0 checking installable status
43 silly pacote version manifest for chalk@3.0.0 fetched in 424ms
44 silly resolveWithNewModule chalk@3.0.0 checking installable status
45 silly pacote range manifest for async@~3.2.0 fetched in 429ms
46 silly resolveWithNewModule async@3.2.0 checking installable status
47 silly pacote version manifest for blessed@0.1.81 fetched in 429ms
48 silly resolveWithNewModule blessed@0.1.81 checking installable status
49 silly pacote tag manifest for @pm2/pm2-version-check@latest fetched in 445ms
50 silly resolveWithNewModule @pm2/pm2-version-check@1.0.3 checking installable status
51 silly pacote range manifest for @pm2/io@~4.3.5 fetched in 453ms
52 silly resolveWithNewModule @pm2/io@4.3.5 checking installable status
53 silly pacote range manifest for @pm2/js-api@~0.6.0 fetched in 460ms
54 silly resolveWithNewModule @pm2/js-api@0.6.0 checking installable status
55 http fetch GET 200 https://registry.npmjs.org/commander/-/commander-2.15.1.tgz 59ms
56 http fetch GET 200 https://registry.npmjs.org/cron 56ms
57 silly pacote version manifest for commander@2.15.1 fetched in 445ms
58 silly resolveWithNewModule commander@2.15.1 checking installable status
59 http fetch GET 200 https://registry.npmjs.org/enquirer 72ms
60 http fetch GET 200 https://registry.npmjs.org/eventemitter2 74ms
61 http fetch GET 200 https://registry.npmjs.org/needle 69ms
62 http fetch GET 200 https://registry.npmjs.org/pidusage 65ms
63 http fetch GET 200 https://registry.npmjs.org/fclone 77ms
64 http fetch GET 200 https://registry.npmjs.org/cron/-/cron-1.8.2.tgz 57ms
65 http fetch GET 200 https://registry.npmjs.org/pm2-axon 55ms
66 http fetch GET 200 https://registry.npmjs.org/dayjs 98ms
67 http fetch GET 304 https://registry.npmjs.org/mkdirp 97ms (from cache)
68 http fetch GET 304 https://registry.npmjs.org/debug 106ms (from cache)
69 silly pacote version manifest for cron@1.8.2 fetched in 141ms
70 silly resolveWithNewModule cron@1.8.2 checking installable status
71 http fetch GET 200 https://registry.npmjs.org/mkdirp/-/mkdirp-1.0.4.tgz 55ms (from cache)
72 http fetch GET 200 https://registry.npmjs.org/pm2-axon/-/pm2-axon-3.3.0.tgz 93ms
73 http fetch GET 200 https://registry.npmjs.org/needle/-/needle-2.4.0.tgz 95ms
74 http fetch GET 200 https://registry.npmjs.org/pidusage/-/pidusage-2.0.18.tgz 96ms
75 http fetch GET 200 https://registry.npmjs.org/enquirer/-/enquirer-2.3.5.tgz 101ms
76 http fetch GET 200 https://registry.npmjs.org/eventemitter2/-/eventemitter2-5.0.1.tgz 101ms
77 silly pacote version manifest for mkdirp@1.0.4 fetched in 180ms
78 silly resolveWithNewModule mkdirp@1.0.4 checking installable status
79 http fetch GET 200 https://registry.npmjs.org/dayjs/-/dayjs-1.8.26.tgz 88ms
80 http fetch GET 200 https://registry.npmjs.org/fclone/-/fclone-1.0.11.tgz 99ms
81 http fetch GET 200 https://registry.npmjs.org/debug/-/debug-4.1.1.tgz 82ms
82 http fetch GET 200 https://registry.npmjs.org/pm2-axon-rpc 85ms
83 silly pacote version manifest for pm2-axon@3.3.0 fetched in 176ms
84 silly resolveWithNewModule pm2-axon@3.3.0 checking installable status
85 silly pacote version manifest for needle@2.4.0 fetched in 197ms
86 silly resolveWithNewModule needle@2.4.0 checking installable status
87 silly pacote version manifest for pidusage@2.0.18 fetched in 189ms
88 silly resolveWithNewModule pidusage@2.0.18 checking installable status
89 silly pacote version manifest for enquirer@2.3.5 fetched in 202ms
90 silly resolveWithNewModule enquirer@2.3.5 checking installable status
91 silly pacote version manifest for eventemitter2@5.0.1 fetched in 216ms
92 silly resolveWithNewModule eventemitter2@5.0.1 checking installable status
93 silly pacote range manifest for dayjs@~1.8.25 fetched in 224ms
94 silly resolveWithNewModule dayjs@1.8.26 checking installable status
95 silly pacote version manifest for fclone@1.0.11 fetched in 227ms
96 silly resolveWithNewModule fclone@1.0.11 checking installable status
97 silly pacote version manifest for debug@4.1.1 fetched in 232ms
98 silly resolveWithNewModule debug@4.1.1 checking installable status
99 http fetch GET 200 https://registry.npmjs.org/pm2-axon-rpc/-/pm2-axon-rpc-0.5.1.tgz 76ms
100 http fetch GET 200 https://registry.npmjs.org/pm2-deploy 86ms
101 http fetch GET 200 https://registry.npmjs.org/pm2-multimeter 84ms
102 http fetch GET 200 https://registry.npmjs.org/ps-list 72ms
103 http fetch GET 200 https://registry.npmjs.org/promptly 85ms
104 http fetch GET 200 https://registry.npmjs.org/sprintf-js 72ms
105 silly pacote version manifest for pm2-axon-rpc@0.5.1 fetched in 193ms
106 silly resolveWithNewModule pm2-axon-rpc@0.5.1 checking installable status
107 http fetch GET 200 https://registry.npmjs.org/source-map-support 78ms
108 http fetch GET 200 https://registry.npmjs.org/semver 89ms
109 http fetch GET 200 https://registry.npmjs.org/vizion 72ms
110 http fetch GET 200 https://registry.npmjs.org/yamljs 76ms
111 http fetch GET 200 https://registry.npmjs.org/pm2-deploy/-/pm2-deploy-1.0.2.tgz 110ms
112 http fetch GET 200 https://registry.npmjs.org/ps-list/-/ps-list-6.3.0.tgz 106ms
113 http fetch GET 200 https://registry.npmjs.org/pm2-multimeter/-/pm2-multimeter-0.1.2.tgz 111ms
114 http fetch GET 200 https://registry.npmjs.org/promptly/-/promptly-2.2.0.tgz 106ms
115 http fetch GET 200 https://registry.npmjs.org/sprintf-js/-/sprintf-js-1.1.2.tgz 99ms
116 http fetch GET 200 https://registry.npmjs.org/source-map-support/-/source-map-support-0.5.16.tgz 96ms
117 http fetch GET 200 https://registry.npmjs.org/semver/-/semver-7.3.2.tgz 102ms
118 http fetch GET 200 https://registry.npmjs.org/yamljs/-/yamljs-0.3.0.tgz 92ms
119 http fetch GET 200 https://registry.npmjs.org/vizion/-/vizion-0.2.13.tgz 99ms
120 http fetch GET 200 https://registry.npmjs.org/systeminformation 114ms
121 silly pacote range manifest for pm2-deploy@~1.0.2 fetched in 231ms
122 silly resolveWithNewModule pm2-deploy@1.0.2 checking installable status
123 silly pacote version manifest for ps-list@6.3.0 fetched in 217ms
124 silly resolveWithNewModule ps-list@6.3.0 checking installable status
125 silly pacote range manifest for promptly@^2 fetched in 218ms
126 silly resolveWithNewModule promptly@2.2.0 checking installable status
127 silly pacote version manifest for source-map-support@0.5.16 fetched in 200ms
128 silly resolveWithNewModule source-map-support@0.5.16 checking installable status
129 silly pacote range manifest for pm2-multimeter@^0.1.2 fetched in 224ms
130 silly resolveWithNewModule pm2-multimeter@0.1.2 checking installable status
131 silly pacote version manifest for sprintf-js@1.1.2 fetched in 200ms
132 silly resolveWithNewModule sprintf-js@1.1.2 checking installable status
133 silly pacote range manifest for semver@^7.2 fetched in 212ms
134 silly resolveWithNewModule semver@7.3.2 checking installable status
135 silly pacote version manifest for yamljs@0.3.0 fetched in 193ms
136 silly resolveWithNewModule yamljs@0.3.0 checking installable status
137 silly pacote version manifest for vizion@0.2.13 fetched in 194ms
138 silly resolveWithNewModule vizion@0.2.13 checking installable status
139 http fetch GET 200 https://registry.npmjs.org/systeminformation/-/systeminformation-4.24.1.tgz 35ms
140 silly pacote range manifest for systeminformation@^4.23.3 fetched in 179ms
141 silly resolveWithNewModule systeminformation@4.24.1 checking installable status
142 http fetch GET 200 https://registry.npmjs.org/nssocket 42ms
143 http fetch GET 200 https://registry.npmjs.org/proxy-agent 45ms
144 http fetch GET 200 https://registry.npmjs.org/semver/-/semver-7.2.3.tgz 48ms
145 http fetch GET 200 https://registry.npmjs.org/ws 53ms
146 silly pacote range manifest for semver@~7.2.0 fetched in 64ms
147 silly resolveWithNewModule semver@7.2.3 checking installable status
148 http fetch GET 200 https://registry.npmjs.org/ws/-/ws-7.2.5.tgz 43ms
149 http fetch GET 200 https://registry.npmjs.org/proxy-agent/-/proxy-agent-3.1.1.tgz 59ms
150 http fetch GET 200 https://registry.npmjs.org/nssocket/-/nssocket-0.6.0.tgz 62ms
151 silly pacote range manifest for ws@~7.2.0 fetched in 114ms
152 silly resolveWithNewModule ws@7.2.5 checking installable status
153 silly pacote range manifest for proxy-agent@~3.1.1 fetched in 116ms
154 silly resolveWithNewModule proxy-agent@3.1.1 checking installable status
155 silly pacote version manifest for nssocket@0.6.0 fetched in 116ms
156 silly resolveWithNewModule nssocket@0.6.0 checking installable status
157 http fetch GET 200 https://registry.npmjs.org/supports-color 30ms
158 http fetch GET 200 https://registry.npmjs.org/ansi-styles 33ms
159 http fetch GET 200 https://registry.npmjs.org/supports-color/-/supports-color-7.1.0.tgz 26ms
160 silly pacote range manifest for supports-color@^7.1.0 fetched in 61ms
161 silly resolveWithNewModule supports-color@7.1.0 checking installable status
162 http fetch GET 200 https://registry.npmjs.org/ansi-styles/-/ansi-styles-4.2.1.tgz 27ms
163 silly pacote range manifest for ansi-styles@^4.1.0 fetched in 66ms
164 silly resolveWithNewModule ansi-styles@4.2.1 checking installable status
165 http fetch GET 200 https://registry.npmjs.org/color-convert 27ms
166 http fetch GET 200 https://registry.npmjs.org/@types%2fcolor-name 33ms
167 http fetch GET 200 https://registry.npmjs.org/color-convert/-/color-convert-2.0.1.tgz 35ms
168 silly pacote range manifest for color-convert@^2.0.1 fetched in 65ms
169 silly resolveWithNewModule color-convert@2.0.1 checking installable status
170 http fetch GET 200 https://registry.npmjs.org/@types/color-name/-/color-name-1.1.1.tgz 40ms
171 silly pacote range manifest for @types/color-name@^1.1.1 fetched in 75ms
172 silly resolveWithNewModule @types/color-name@1.1.1 checking installable status
173 http fetch GET 200 https://registry.npmjs.org/color-name 35ms
174 http fetch GET 200 https://registry.npmjs.org/color-name/-/color-name-1.1.4.tgz 26ms
175 silly pacote range manifest for color-name@~1.1.4 fetched in 64ms
176 silly resolveWithNewModule color-name@1.1.4 checking installable status
177 http fetch GET 200 https://registry.npmjs.org/has-flag 26ms
178 http fetch GET 200 https://registry.npmjs.org/has-flag/-/has-flag-4.0.0.tgz 24ms
179 silly pacote range manifest for has-flag@^4.0.0 fetched in 53ms
180 silly resolveWithNewModule has-flag@4.0.0 checking installable status
181 http fetch GET 304 https://registry.npmjs.org/ms 32ms (from cache)
182 http fetch GET 200 https://registry.npmjs.org/ms/-/ms-2.1.2.tgz 28ms
183 silly pacote range manifest for ms@^2.1.1 fetched in 63ms
184 silly resolveWithNewModule ms@2.1.2 checking installable status
185 http fetch GET 200 https://registry.npmjs.org/lazy 29ms
186 http fetch GET 200 https://registry.npmjs.org/eventemitter2/-/eventemitter2-0.4.14.tgz 49ms
187 silly pacote range manifest for eventemitter2@~0.4.14 fetched in 56ms
188 silly resolveWithNewModule eventemitter2@0.4.14 checking installable status
189 http fetch GET 200 https://registry.npmjs.org/lazy/-/lazy-1.0.11.tgz 33ms
190 silly pacote range manifest for lazy@~1.0.11 fetched in 65ms
191 silly resolveWithNewModule lazy@1.0.11 checking installable status
192 http fetch GET 200 https://registry.npmjs.org/amp-message 27ms
193 http fetch GET 200 https://registry.npmjs.org/amp 31ms
194 http fetch GET 200 https://registry.npmjs.org/escape-regexp 36ms
195 http fetch GET 200 https://registry.npmjs.org/debug/-/debug-3.2.6.tgz 46ms
196 silly pacote range manifest for debug@^3.0 fetched in 57ms
197 silly resolveWithNewModule debug@3.2.6 checking installable status
198 http fetch GET 200 https://registry.npmjs.org/amp-message/-/amp-message-0.1.2.tgz 32ms
199 http fetch GET 200 https://registry.npmjs.org/amp/-/amp-0.3.1.tgz 29ms
200 silly pacote range manifest for amp-message@~0.1.1 fetched in 64ms
201 silly resolveWithNewModule amp-message@0.1.2 checking installable status
202 silly pacote range manifest for amp@~0.3.1 fetched in 64ms
203 silly resolveWithNewModule amp@0.3.1 checking installable status
204 http fetch GET 200 https://registry.npmjs.org/escape-regexp/-/escape-regexp-0.0.1.tgz 30ms
205 silly pacote version manifest for escape-regexp@0.0.1 fetched in 70ms
206 silly resolveWithNewModule escape-regexp@0.0.1 checking installable status
207 silly pacote range manifest for debug@^3.0 fetched in 1ms
208 silly resolveWithNewModule debug@3.2.6 checking installable status
209 http fetch GET 200 https://registry.npmjs.org/agent-base 57ms
210 http fetch GET 200 https://registry.npmjs.org/http-proxy-agent 57ms
211 http fetch GET 200 https://registry.npmjs.org/proxy-from-env 55ms
212 http fetch GET 200 https://registry.npmjs.org/socks-proxy-agent 56ms
213 http fetch GET 200 https://registry.npmjs.org/pac-proxy-agent 57ms
214 http fetch GET 200 https://registry.npmjs.org/lru-cache 68ms
215 http fetch GET 200 https://registry.npmjs.org/https-proxy-agent 72ms
216 http fetch GET 200 https://registry.npmjs.org/proxy-from-env/-/proxy-from-env-1.1.0.tgz 44ms
217 http fetch GET 200 https://registry.npmjs.org/pac-proxy-agent/-/pac-proxy-agent-3.0.1.tgz 45ms
218 http fetch GET 200 https://registry.npmjs.org/socks-proxy-agent/-/socks-proxy-agent-4.0.2.tgz 46ms
219 http fetch GET 200 https://registry.npmjs.org/https-proxy-agent/-/https-proxy-agent-3.0.1.tgz 41ms
220 http fetch GET 200 https://registry.npmjs.org/http-proxy-agent/-/http-proxy-agent-2.1.0.tgz 47ms
221 silly pacote range manifest for proxy-from-env@^1.0.0 fetched in 123ms
222 silly resolveWithNewModule proxy-from-env@1.1.0 checking installable status
223 silly pacote range manifest for pac-proxy-agent@^3.0.1 fetched in 126ms
224 silly resolveWithNewModule pac-proxy-agent@3.0.1 checking installable status
225 silly pacote range manifest for socks-proxy-agent@^4.0.1 fetched in 125ms
226 silly resolveWithNewModule socks-proxy-agent@4.0.2 checking installable status
227 silly pacote range manifest for https-proxy-agent@^3.0.0 fetched in 127ms
228 silly resolveWithNewModule https-proxy-agent@3.0.1 checking installable status
229 silly pacote range manifest for http-proxy-agent@^2.1.0 fetched in 128ms
230 silly resolveWithNewModule http-proxy-agent@2.1.0 checking installable status
231 http fetch GET 200 https://registry.npmjs.org/lru-cache/-/lru-cache-5.1.1.tgz 55ms
232 silly pacote range manifest for lru-cache@^5.1.1 fetched in 129ms
233 silly resolveWithNewModule lru-cache@5.1.1 checking installable status
234 http fetch GET 200 https://registry.npmjs.org/agent-base/-/agent-base-4.3.0.tgz 304ms
235 silly pacote range manifest for agent-base@^4.2.0 fetched in 370ms
236 silly resolveWithNewModule agent-base@4.3.0 checking installable status
237 http fetch GET 200 https://registry.npmjs.org/es6-promisify 26ms
238 http fetch GET 200 https://registry.npmjs.org/es6-promisify/-/es6-promisify-5.0.0.tgz 31ms
239 silly pacote range manifest for es6-promisify@^5.0.0 fetched in 60ms
240 silly resolveWithNewModule es6-promisify@5.0.0 checking installable status
241 http fetch GET 200 https://registry.npmjs.org/es6-promise 35ms
242 http fetch GET 200 https://registry.npmjs.org/es6-promise/-/es6-promise-4.2.8.tgz 32ms
243 silly pacote range manifest for es6-promise@^4.0.3 fetched in 70ms
244 silly resolveWithNewModule es6-promise@4.2.8 checking installable status
245 http fetch GET 200 https://registry.npmjs.org/debug/-/debug-3.1.0.tgz 25ms
246 silly pacote version manifest for debug@3.1.0 fetched in 31ms
247 silly resolveWithNewModule debug@3.1.0 checking installable status
248 silly pacote version manifest for ms@2.0.0 fetched in 2ms
249 silly resolveWithNewModule ms@2.0.0 checking installable status
250 silly pacote range manifest for debug@^3.1.0 fetched in 1ms
251 silly resolveWithNewModule debug@3.2.6 checking installable status
252 http fetch GET 200 https://registry.npmjs.org/yallist 36ms
253 http fetch GET 200 https://registry.npmjs.org/yallist/-/yallist-3.1.1.tgz 43ms
254 silly pacote range manifest for yallist@^3.0.2 fetched in 82ms
255 silly resolveWithNewModule yallist@3.1.1 checking installable status
256 http fetch GET 200 https://registry.npmjs.org/get-uri 30ms
257 http fetch GET 200 https://registry.npmjs.org/pac-resolver 34ms
258 http fetch GET 304 https://registry.npmjs.org/raw-body 42ms (from cache)
259 http fetch GET 200 https://registry.npmjs.org/get-uri/-/get-uri-2.0.4.tgz 25ms
260 silly pacote range manifest for get-uri@^2.0.0 fetched in 71ms
261 silly resolveWithNewModule get-uri@2.0.4 checking installable status
262 http fetch GET 200 https://registry.npmjs.org/pac-resolver/-/pac-resolver-3.0.0.tgz 36ms
263 silly pacote range manifest for pac-resolver@^3.0.0 fetched in 76ms
264 silly resolveWithNewModule pac-resolver@3.0.0 checking installable status
265 http fetch GET 200 https://registry.npmjs.org/raw-body/-/raw-body-2.4.1.tgz 34ms
266 silly pacote range manifest for raw-body@^2.2.0 fetched in 79ms
267 silly resolveWithNewModule raw-body@2.4.1 checking installable status
268 http fetch GET 200 https://registry.npmjs.org/debug/-/debug-2.6.9.tgz 7ms (from cache)
269 silly pacote range manifest for debug@2 fetched in 13ms
270 silly resolveWithNewModule debug@2.6.9 checking installable status
271 http fetch GET 200 https://registry.npmjs.org/file-uri-to-path 35ms
272 http fetch GET 200 https://registry.npmjs.org/data-uri-to-buffer 40ms
273 http fetch GET 200 https://registry.npmjs.org/ftp 43ms
274 http fetch GET 200 https://registry.npmjs.org/extend 43ms
275 http fetch GET 304 https://registry.npmjs.org/readable-stream 48ms (from cache)
276 silly pacote range manifest for readable-stream@2 fetched in 52ms
277 silly resolveWithNewModule readable-stream@2.3.7 checking installable status
278 http fetch GET 200 https://registry.npmjs.org/file-uri-to-path/-/file-uri-to-path-1.0.0.tgz 25ms
279 silly pacote range manifest for file-uri-to-path@1 fetched in 63ms
280 silly resolveWithNewModule file-uri-to-path@1.0.0 checking installable status
281 http fetch GET 200 https://registry.npmjs.org/data-uri-to-buffer/-/data-uri-to-buffer-1.2.0.tgz 44ms
282 http fetch GET 200 https://registry.npmjs.org/ftp/-/ftp-0.3.10.tgz 44ms
283 http fetch GET 200 https://registry.npmjs.org/extend/-/extend-3.0.2.tgz 45ms
284 silly pacote range manifest for data-uri-to-buffer@1 fetched in 95ms
285 silly resolveWithNewModule data-uri-to-buffer@1.2.0 checking installable status
286 silly pacote range manifest for extend@~3.0.2 fetched in 95ms
287 silly resolveWithNewModule extend@3.0.2 checking installable status
288 silly pacote range manifest for ftp@~0.3.10 fetched in 96ms
289 silly resolveWithNewModule ftp@0.3.10 checking installable status
290 silly pacote version manifest for ms@2.0.0 fetched in 0ms
291 silly resolveWithNewModule ms@2.0.0 checking installable status
292 silly pacote range manifest for readable-stream@1.1.x fetched in 3ms
293 silly resolveWithNewModule readable-stream@1.1.14 checking installable status
294 http fetch GET 200 https://registry.npmjs.org/xregexp 29ms
295 http fetch GET 200 https://registry.npmjs.org/xregexp/-/xregexp-2.0.0.tgz 26ms
296 silly pacote version manifest for xregexp@2.0.0 fetched in 57ms
297 silly resolveWithNewModule xregexp@2.0.0 checking installable status
298 http fetch GET 304 https://registry.npmjs.org/core-util-is 32ms (from cache)
299 silly pacote range manifest for core-util-is@~1.0.0 fetched in 36ms
300 silly resolveWithNewModule core-util-is@1.0.2 checking installable status
301 http fetch GET 304 https://registry.npmjs.org/inherits 40ms (from cache)
302 http fetch GET 304 https://registry.npmjs.org/string_decoder 41ms (from cache)
303 silly pacote range manifest for string_decoder@~0.10.x fetched in 44ms
304 silly resolveWithNewModule string_decoder@0.10.31 checking installable status
305 silly pacote range manifest for inherits@~2.0.1 fetched in 44ms
306 silly resolveWithNewModule inherits@2.0.4 checking installable status
307 http fetch GET 304 https://registry.npmjs.org/isarray 47ms (from cache)
308 silly pacote version manifest for isarray@0.0.1 fetched in 49ms
309 silly resolveWithNewModule isarray@0.0.1 checking installable status
310 silly pacote range manifest for isarray@~1.0.0 fetched in 5ms
311 silly resolveWithNewModule isarray@1.0.0 checking installable status
312 silly pacote range manifest for string_decoder@~1.1.1 fetched in 10ms
313 silly resolveWithNewModule string_decoder@1.1.1 checking installable status
314 http fetch GET 304 https://registry.npmjs.org/process-nextick-args 49ms (from cache)
315 silly pacote range manifest for process-nextick-args@~2.0.0 fetched in 51ms
316 silly resolveWithNewModule process-nextick-args@2.0.1 checking installable status
317 http fetch GET 304 https://registry.npmjs.org/util-deprecate 51ms (from cache)
318 http fetch GET 304 https://registry.npmjs.org/safe-buffer 52ms (from cache)
319 silly pacote range manifest for util-deprecate@~1.0.1 fetched in 54ms
320 silly resolveWithNewModule util-deprecate@1.0.2 checking installable status
321 http fetch GET 200 https://registry.npmjs.org/safe-buffer/-/safe-buffer-5.1.2.tgz 5ms (from cache)
322 silly pacote range manifest for safe-buffer@~5.1.1 fetched in 60ms
323 silly resolveWithNewModule safe-buffer@5.1.2 checking installable status
324 http fetch GET 200 https://registry.npmjs.org/co 45ms
325 http fetch GET 200 https://registry.npmjs.org/thunkify 46ms
326 http fetch GET 200 https://registry.npmjs.org/ip 47ms
327 http fetch GET 200 https://registry.npmjs.org/netmask 48ms
328 http fetch GET 200 https://registry.npmjs.org/degenerator 58ms
329 http fetch GET 200 https://registry.npmjs.org/co/-/co-4.6.0.tgz 25ms
330 silly pacote range manifest for co@^4.6.0 fetched in 72ms
331 silly resolveWithNewModule co@4.6.0 checking installable status
332 http fetch GET 200 https://registry.npmjs.org/ip/-/ip-1.1.5.tgz 39ms
333 http fetch GET 200 https://registry.npmjs.org/thunkify/-/thunkify-2.1.2.tgz 42ms
334 http fetch GET 200 https://registry.npmjs.org/degenerator/-/degenerator-1.0.4.tgz 33ms
335 http fetch GET 200 https://registry.npmjs.org/netmask/-/netmask-1.0.6.tgz 39ms
336 silly pacote range manifest for ip@^1.1.5 fetched in 95ms
337 silly resolveWithNewModule ip@1.1.5 checking installable status
338 silly pacote range manifest for thunkify@^2.1.2 fetched in 96ms
339 silly resolveWithNewModule thunkify@2.1.2 checking installable status
340 silly pacote range manifest for degenerator@^1.0.4 fetched in 97ms
341 silly resolveWithNewModule degenerator@1.0.4 checking installable status
342 silly pacote range manifest for netmask@^1.0.6 fetched in 97ms
343 silly resolveWithNewModule netmask@1.0.6 checking installable status
344 http fetch GET 200 https://registry.npmjs.org/esprima 28ms
345 http fetch GET 200 https://registry.npmjs.org/escodegen 42ms
346 http fetch GET 200 https://registry.npmjs.org/ast-types 42ms
347 http fetch GET 200 https://registry.npmjs.org/esprima/-/esprima-3.1.3.tgz 65ms
348 silly pacote range manifest for esprima@3.x.x fetched in 109ms
349 silly resolveWithNewModule esprima@3.1.3 checking installable status
350 http fetch GET 200 https://registry.npmjs.org/ast-types/-/ast-types-0.13.3.tgz 44ms
351 http fetch GET 200 https://registry.npmjs.org/escodegen/-/escodegen-1.14.1.tgz 41ms
352 silly pacote range manifest for ast-types@0.x.x fetched in 143ms
353 silly resolveWithNewModule ast-types@0.13.3 checking installable status
354 silly pacote range manifest for escodegen@1.x.x fetched in 143ms
355 silly resolveWithNewModule escodegen@1.14.1 checking installable status
356 http fetch GET 200 https://registry.npmjs.org/source-map 37ms
357 http fetch GET 200 https://registry.npmjs.org/optionator 39ms
358 http fetch GET 200 https://registry.npmjs.org/esprima/-/esprima-4.0.1.tgz 39ms
359 http fetch GET 200 https://registry.npmjs.org/esutils 43ms
360 silly pacote range manifest for esprima@^4.0.1 fetched in 49ms
361 silly resolveWithNewModule esprima@4.0.1 checking installable status
362 http fetch GET 200 https://registry.npmjs.org/estraverse 49ms
363 http fetch GET 200 https://registry.npmjs.org/source-map/-/source-map-0.6.1.tgz 45ms
364 http fetch GET 200 https://registry.npmjs.org/optionator/-/optionator-0.8.3.tgz 44ms
365 http fetch GET 200 https://registry.npmjs.org/esutils/-/esutils-2.0.3.tgz 42ms
366 http fetch GET 200 https://registry.npmjs.org/estraverse/-/estraverse-4.3.0.tgz 37ms
367 silly pacote range manifest for source-map@~0.6.1 fetched in 90ms
368 silly resolveWithNewModule source-map@0.6.1 checking installable status
369 silly pacote range manifest for optionator@^0.8.1 fetched in 92ms
370 silly resolveWithNewModule optionator@0.8.3 checking installable status
371 silly pacote range manifest for estraverse@^4.2.0 fetched in 93ms
372 silly resolveWithNewModule estraverse@4.3.0 checking installable status
373 silly pacote range manifest for esutils@^2.0.2 fetched in 93ms
374 silly resolveWithNewModule esutils@2.0.3 checking installable status
375 http fetch GET 200 https://registry.npmjs.org/word-wrap 37ms
376 http fetch GET 200 https://registry.npmjs.org/levn 40ms
377 http fetch GET 200 https://registry.npmjs.org/type-check 41ms
378 http fetch GET 200 https://registry.npmjs.org/fast-levenshtein 41ms
379 http fetch GET 200 https://registry.npmjs.org/deep-is 45ms
380 http fetch GET 200 https://registry.npmjs.org/prelude-ls 49ms
381 http fetch GET 200 https://registry.npmjs.org/word-wrap/-/word-wrap-1.2.3.tgz 25ms
382 silly pacote range manifest for word-wrap@~1.2.3 fetched in 72ms
383 silly resolveWithNewModule word-wrap@1.2.3 checking installable status
384 http fetch GET 200 https://registry.npmjs.org/levn/-/levn-0.3.0.tgz 35ms
385 http fetch GET 200 https://registry.npmjs.org/deep-is/-/deep-is-0.1.3.tgz 33ms
386 http fetch GET 200 https://registry.npmjs.org/fast-levenshtein/-/fast-levenshtein-2.0.6.tgz 35ms
387 http fetch GET 200 https://registry.npmjs.org/prelude-ls/-/prelude-ls-1.1.2.tgz 31ms
388 silly pacote range manifest for levn@~0.3.0 fetched in 85ms
389 silly resolveWithNewModule levn@0.3.0 checking installable status
390 silly pacote range manifest for deep-is@~0.1.3 fetched in 87ms
391 silly resolveWithNewModule deep-is@0.1.3 checking installable status
392 silly pacote range manifest for fast-levenshtein@~2.0.6 fetched in 87ms
393 silly resolveWithNewModule fast-levenshtein@2.0.6 checking installable status
394 silly pacote range manifest for prelude-ls@~1.1.2 fetched in 88ms
395 silly resolveWithNewModule prelude-ls@1.1.2 checking installable status
396 http fetch GET 200 https://registry.npmjs.org/type-check/-/type-check-0.3.2.tgz 45ms
397 silly pacote range manifest for type-check@~0.3.2 fetched in 90ms
398 silly resolveWithNewModule type-check@0.3.2 checking installable status
399 http fetch GET 304 https://registry.npmjs.org/bytes 35ms (from cache)
400 silly pacote version manifest for bytes@3.1.0 fetched in 39ms
401 silly resolveWithNewModule bytes@3.1.0 checking installable status
402 http fetch GET 304 https://registry.npmjs.org/iconv-lite 40ms (from cache)
403 http fetch GET 304 https://registry.npmjs.org/unpipe 41ms (from cache)
404 http fetch GET 304 https://registry.npmjs.org/http-errors 43ms (from cache)
405 silly pacote version manifest for iconv-lite@0.4.24 fetched in 45ms
406 silly resolveWithNewModule iconv-lite@0.4.24 checking installable status
407 silly pacote version manifest for unpipe@1.0.0 fetched in 54ms
408 silly resolveWithNewModule unpipe@1.0.0 checking installable status
409 http fetch GET 200 https://registry.npmjs.org/http-errors/-/http-errors-1.7.3.tgz 35ms
410 silly pacote version manifest for http-errors@1.7.3 fetched in 80ms
411 silly resolveWithNewModule http-errors@1.7.3 checking installable status
412 http fetch GET 304 https://registry.npmjs.org/statuses 39ms (from cache)
413 http fetch GET 304 https://registry.npmjs.org/depd 40ms (from cache)
414 silly pacote range manifest for statuses@>= 1.5.0 < 2 fetched in 42ms
415 silly resolveWithNewModule statuses@1.5.0 checking installable status
416 silly pacote range manifest for depd@~1.1.2 fetched in 44ms
417 silly resolveWithNewModule depd@1.1.2 checking installable status
418 http fetch GET 304 https://registry.npmjs.org/toidentifier 44ms (from cache)
419 silly pacote version manifest for toidentifier@1.0.0 fetched in 47ms
420 silly resolveWithNewModule toidentifier@1.0.0 checking installable status
421 http fetch GET 304 https://registry.npmjs.org/setprototypeof 48ms (from cache)
422 silly pacote version manifest for setprototypeof@1.1.1 fetched in 50ms
423 silly resolveWithNewModule setprototypeof@1.1.1 checking installable status
424 http fetch GET 304 https://registry.npmjs.org/safer-buffer 32ms (from cache)
425 silly pacote range manifest for safer-buffer@>= 2.1.2 < 3 fetched in 34ms
426 silly resolveWithNewModule safer-buffer@2.1.2 checking installable status
427 http fetch GET 200 https://registry.npmjs.org/agent-base/-/agent-base-4.2.1.tgz 25ms
428 silly pacote range manifest for agent-base@~4.2.1 fetched in 28ms
429 silly resolveWithNewModule agent-base@4.2.1 checking installable status
430 http fetch GET 200 https://registry.npmjs.org/socks 31ms
431 http fetch GET 200 https://registry.npmjs.org/socks/-/socks-2.3.3.tgz 38ms
432 silly pacote range manifest for socks@~2.3.2 fetched in 73ms
433 silly resolveWithNewModule socks@2.3.3 checking installable status
434 http fetch GET 200 https://registry.npmjs.org/smart-buffer 27ms
435 http fetch GET 200 https://registry.npmjs.org/smart-buffer/-/smart-buffer-4.1.0.tgz 69ms
436 silly pacote range manifest for smart-buffer@^4.1.0 fetched in 100ms
437 silly resolveWithNewModule smart-buffer@4.1.0 checking installable status
438 http fetch GET 200 https://registry.npmjs.org/tslib 65ms
439 http fetch GET 200 https://registry.npmjs.org/signal-exit 76ms
440 http fetch GET 200 https://registry.npmjs.org/shimmer 89ms
441 http fetch GET 200 https://registry.npmjs.org/semver/-/semver-6.3.0.tgz 85ms
442 http fetch GET 200 https://registry.npmjs.org/require-in-the-middle 96ms
443 http fetch GET 200 https://registry.npmjs.org/eventemitter2/-/eventemitter2-6.3.1.tgz 96ms
444 http fetch GET 200 https://registry.npmjs.org/async/-/async-2.6.3.tgz 96ms
445 http fetch GET 200 https://registry.npmjs.org/@opencensus%2fpropagation-b3 104ms
446 http fetch GET 200 https://registry.npmjs.org/@pm2%2fagent-node 109ms
447 http fetch GET 200 https://registry.npmjs.org/@opencensus%2fcore 110ms
448 silly pacote version manifest for semver@6.3.0 fetched in 122ms
449 silly resolveWithNewModule semver@6.3.0 checking installable status
450 silly pacote range manifest for eventemitter2@^6.3.1 fetched in 124ms
451 silly resolveWithNewModule eventemitter2@6.3.1 checking installable status
452 silly pacote range manifest for async@~2.6.1 fetched in 125ms
453 silly resolveWithNewModule async@2.6.3 checking installable status
454 http fetch GET 200 https://registry.npmjs.org/tslib/-/tslib-1.9.3.tgz 50ms
455 http fetch GET 200 https://registry.npmjs.org/signal-exit/-/signal-exit-3.0.3.tgz 47ms
456 silly pacote version manifest for tslib@1.9.3 fetched in 127ms
457 silly resolveWithNewModule tslib@1.9.3 checking installable status
458 silly pacote range manifest for signal-exit@^3.0.3 fetched in 128ms
459 silly resolveWithNewModule signal-exit@3.0.3 checking installable status
460 http fetch GET 200 https://registry.npmjs.org/shimmer/-/shimmer-1.2.1.tgz 39ms
461 silly pacote range manifest for shimmer@^1.2.0 fetched in 141ms
462 silly resolveWithNewModule shimmer@1.2.1 checking installable status
463 http fetch GET 200 https://registry.npmjs.org/require-in-the-middle/-/require-in-the-middle-5.0.3.tgz 61ms
464 http fetch GET 200 https://registry.npmjs.org/@opencensus/core/-/core-0.0.9.tgz 52ms
465 http fetch GET 200 https://registry.npmjs.org/@opencensus/propagation-b3/-/propagation-b3-0.0.8.tgz 57ms
466 http fetch GET 200 https://registry.npmjs.org/@pm2/agent-node/-/agent-node-1.1.10.tgz 55ms
467 silly pacote range manifest for require-in-the-middle@^5.0.0 fetched in 174ms
468 silly resolveWithNewModule require-in-the-middle@5.0.3 checking installable status
469 silly pacote version manifest for @opencensus/core@0.0.9 fetched in 178ms
470 silly resolveWithNewModule @opencensus/core@0.0.9 checking installable status
471 silly pacote version manifest for @opencensus/propagation-b3@0.0.8 fetched in 178ms
472 silly resolveWithNewModule @opencensus/propagation-b3@0.0.8 checking installable status
473 silly pacote range manifest for @pm2/agent-node@^1.1.10 fetched in 178ms
474 silly resolveWithNewModule @pm2/agent-node@1.1.10 checking installable status
475 http fetch GET 200 https://registry.npmjs.org/log-driver 33ms
476 http fetch GET 200 https://registry.npmjs.org/semver/-/semver-5.7.1.tgz 32ms
477 http fetch GET 200 https://registry.npmjs.org/continuation-local-storage 37ms
478 http fetch GET 200 https://registry.npmjs.org/uuid 40ms
479 silly pacote range manifest for semver@^5.5.0 fetched in 41ms
480 silly resolveWithNewModule semver@5.7.1 checking installable status
481 http fetch GET 200 https://registry.npmjs.org/log-driver/-/log-driver-1.2.7.tgz 39ms
482 http fetch GET 200 https://registry.npmjs.org/continuation-local-storage/-/continuation-local-storage-3.2.1.tgz 37ms
483 http fetch GET 200 https://registry.npmjs.org/uuid/-/uuid-3.4.0.tgz 34ms
484 silly pacote range manifest for log-driver@^1.2.7 fetched in 78ms
485 silly resolveWithNewModule log-driver@1.2.7 checking installable status
486 silly pacote range manifest for continuation-local-storage@^3.2.1 fetched in 80ms
487 silly resolveWithNewModule continuation-local-storage@3.2.1 checking installable status
488 silly pacote range manifest for uuid@^3.2.1 fetched in 79ms
489 silly resolveWithNewModule uuid@3.4.0 checking installable status
490 http fetch GET 200 https://registry.npmjs.org/emitter-listener 35ms
491 http fetch GET 200 https://registry.npmjs.org/async-listener 38ms
492 http fetch GET 200 https://registry.npmjs.org/emitter-listener/-/emitter-listener-1.1.2.tgz 24ms
493 silly pacote range manifest for emitter-listener@^1.1.1 fetched in 61ms
494 silly resolveWithNewModule emitter-listener@1.1.2 checking installable status
495 http fetch GET 200 https://registry.npmjs.org/async-listener/-/async-listener-0.6.10.tgz 36ms
496 silly pacote range manifest for async-listener@^0.6.0 fetched in 76ms
497 silly resolveWithNewModule async-listener@0.6.10 checking installable status
498 silly pacote range manifest for semver@^5.3.0 fetched in 1ms
499 silly resolveWithNewModule semver@5.7.1 checking installable status
500 http fetch GET 200 https://registry.npmjs.org/@opencensus/core/-/core-0.0.8.tgz 58ms
501 silly pacote range manifest for @opencensus/core@^0.0.8 fetched in 60ms
502 silly resolveWithNewModule @opencensus/core@0.0.8 checking installable status
503 silly pacote range manifest for semver@^5.5.0 fetched in 2ms
504 silly resolveWithNewModule semver@5.7.1 checking installable status
505 silly pacote range manifest for debug@^3.1.0 fetched in 9ms
506 silly resolveWithNewModule debug@3.2.6 checking installable status
507 http fetch GET 200 https://registry.npmjs.org/ws/-/ws-6.2.1.tgz 43ms
508 silly pacote range manifest for ws@^6.0.0 fetched in 50ms
509 silly resolveWithNewModule ws@6.2.1 checking installable status
510 http fetch GET 200 https://registry.npmjs.org/async-limiter 41ms
511 http fetch GET 200 https://registry.npmjs.org/async-limiter/-/async-limiter-1.0.1.tgz 26ms
512 silly pacote range manifest for async-limiter@~1.0.0 fetched in 70ms
513 silly resolveWithNewModule async-limiter@1.0.1 checking installable status
514 http fetch GET 200 https://registry.npmjs.org/lodash 26ms
515 http fetch GET 200 https://registry.npmjs.org/lodash/-/lodash-4.17.15.tgz 147ms
516 silly pacote range manifest for lodash@^4.17.14 fetched in 177ms
517 silly resolveWithNewModule lodash@4.17.15 checking installable status
518 http fetch GET 200 https://registry.npmjs.org/module-details-from-path 38ms
519 http fetch GET 200 https://registry.npmjs.org/resolve 45ms
520 http fetch GET 200 https://registry.npmjs.org/module-details-from-path/-/module-details-from-path-1.0.3.tgz 50ms
521 http fetch GET 200 https://registry.npmjs.org/resolve/-/resolve-1.17.0.tgz 42ms
522 silly pacote range manifest for module-details-from-path@^1.0.3 fetched in 91ms
523 silly resolveWithNewModule module-details-from-path@1.0.3 checking installable status
524 silly pacote range manifest for resolve@^1.12.0 fetched in 91ms
525 silly resolveWithNewModule resolve@1.17.0 checking installable status
526 http fetch GET 200 https://registry.npmjs.org/path-parse 25ms
527 http fetch GET 200 https://registry.npmjs.org/path-parse/-/path-parse-1.0.6.tgz 25ms
528 silly pacote range manifest for path-parse@^1.0.6 fetched in 53ms
529 silly resolveWithNewModule path-parse@1.0.6 checking installable status
530 silly pacote range manifest for async@^2.6.3 fetched in 4ms
531 silly resolveWithNewModule async@2.6.3 checking installable status
532 silly pacote range manifest for debug@~3.2.6 fetched in 3ms
533 silly resolveWithNewModule debug@3.2.6 checking installable status
534 silly pacote range manifest for eventemitter2@^6.3.1 fetched in 4ms
535 silly resolveWithNewModule eventemitter2@6.3.1 checking installable status
536 http fetch GET 200 https://registry.npmjs.org/axios 32ms
537 http fetch GET 200 https://registry.npmjs.org/axios/-/axios-0.19.2.tgz 30ms
538 silly pacote range manifest for axios@^0.19.0 fetched in 66ms
539 silly resolveWithNewModule axios@0.19.2 checking installable status
540 http fetch GET 200 https://registry.npmjs.org/follow-redirects 26ms
541 http fetch GET 200 https://registry.npmjs.org/follow-redirects/-/follow-redirects-1.5.10.tgz 26ms
542 silly pacote version manifest for follow-redirects@1.5.10 fetched in 55ms
543 silly resolveWithNewModule follow-redirects@1.5.10 checking installable status
544 silly pacote version manifest for debug@=3.1.0 fetched in 0ms
545 silly resolveWithNewModule debug@3.1.0 checking installable status
546 silly pacote version manifest for ms@2.0.0 fetched in 1ms
547 silly resolveWithNewModule ms@2.0.0 checking installable status
548 http fetch GET 200 https://registry.npmjs.org/is-glob 41ms
549 http fetch GET 200 https://registry.npmjs.org/readdirp 40ms
550 http fetch GET 200 https://registry.npmjs.org/is-binary-path 41ms
551 http fetch GET 200 https://registry.npmjs.org/glob-parent 43ms
552 http fetch GET 200 https://registry.npmjs.org/anymatch 49ms
553 http fetch GET 200 https://registry.npmjs.org/braces 52ms
554 http fetch GET 200 https://registry.npmjs.org/fsevents 50ms
555 http fetch GET 200 https://registry.npmjs.org/normalize-path 57ms
556 http fetch GET 200 https://registry.npmjs.org/is-glob/-/is-glob-4.0.1.tgz 40ms
557 http fetch GET 200 https://registry.npmjs.org/glob-parent/-/glob-parent-5.1.1.tgz 43ms
558 http fetch GET 200 https://registry.npmjs.org/readdirp/-/readdirp-3.4.0.tgz 46ms
559 http fetch GET 200 https://registry.npmjs.org/braces/-/braces-3.0.2.tgz 41ms
560 http fetch GET 200 https://registry.npmjs.org/fsevents/-/fsevents-2.1.3.tgz 42ms
561 http fetch GET 200 https://registry.npmjs.org/is-binary-path/-/is-binary-path-2.1.0.tgz 50ms
562 http fetch GET 200 https://registry.npmjs.org/anymatch/-/anymatch-3.1.1.tgz 45ms
563 http fetch GET 200 https://registry.npmjs.org/normalize-path/-/normalize-path-3.0.0.tgz 41ms
564 silly pacote range manifest for is-glob@~4.0.1 fetched in 100ms
565 silly resolveWithNewModule is-glob@4.0.1 checking installable status
566 silly pacote range manifest for glob-parent@~5.1.0 fetched in 102ms
567 silly resolveWithNewModule glob-parent@5.1.1 checking installable status
568 silly pacote range manifest for readdirp@~3.4.0 fetched in 104ms
569 silly resolveWithNewModule readdirp@3.4.0 checking installable status
570 silly pacote range manifest for braces@~3.0.2 fetched in 106ms
571 silly resolveWithNewModule braces@3.0.2 checking installable status
572 silly pacote range manifest for fsevents@~2.1.2 fetched in 105ms
573 silly resolveWithNewModule fsevents@2.1.3 checking installable status
574 silly pacote range manifest for is-binary-path@~2.1.0 fetched in 107ms
575 silly resolveWithNewModule is-binary-path@2.1.0 checking installable status
576 silly pacote range manifest for anymatch@~3.1.1 fetched in 108ms
577 silly resolveWithNewModule anymatch@3.1.1 checking installable status
578 silly pacote range manifest for normalize-path@~3.0.0 fetched in 108ms
579 silly resolveWithNewModule normalize-path@3.0.0 checking installable status
580 http fetch GET 200 https://registry.npmjs.org/picomatch 29ms
581 http fetch GET 200 https://registry.npmjs.org/picomatch/-/picomatch-2.2.2.tgz 27ms
582 silly pacote range manifest for picomatch@^2.0.4 fetched in 60ms
583 silly resolveWithNewModule picomatch@2.2.2 checking installable status
584 http fetch GET 200 https://registry.npmjs.org/fill-range 23ms
585 http fetch GET 200 https://registry.npmjs.org/fill-range/-/fill-range-7.0.1.tgz 26ms
586 silly pacote range manifest for fill-range@^7.0.1 fetched in 55ms
587 silly resolveWithNewModule fill-range@7.0.1 checking installable status
588 http fetch GET 200 https://registry.npmjs.org/to-regex-range 23ms
589 http fetch GET 200 https://registry.npmjs.org/to-regex-range/-/to-regex-range-5.0.1.tgz 29ms
590 silly pacote range manifest for to-regex-range@^5.0.1 fetched in 55ms
591 silly resolveWithNewModule to-regex-range@5.0.1 checking installable status
592 http fetch GET 200 https://registry.npmjs.org/is-number 25ms
593 http fetch GET 200 https://registry.npmjs.org/is-number/-/is-number-7.0.0.tgz 36ms
594 silly pacote range manifest for is-number@^7.0.0 fetched in 64ms
595 silly resolveWithNewModule is-number@7.0.0 checking installable status
596 http fetch GET 200 https://registry.npmjs.org/is-extglob 28ms
597 http fetch GET 200 https://registry.npmjs.org/is-extglob/-/is-extglob-2.1.1.tgz 35ms
598 silly pacote range manifest for is-extglob@^2.1.1 fetched in 65ms
599 silly resolveWithNewModule is-extglob@2.1.1 checking installable status
600 http fetch GET 200 https://registry.npmjs.org/binary-extensions 27ms
601 http fetch GET 200 https://registry.npmjs.org/binary-extensions/-/binary-extensions-2.0.0.tgz 25ms
602 silly pacote range manifest for binary-extensions@^2.0.0 fetched in 56ms
603 silly resolveWithNewModule binary-extensions@2.0.0 checking installable status
604 http fetch GET 200 https://registry.npmjs.org/mocha 31ms
605 http fetch GET 200 https://registry.npmjs.org/mocha/-/mocha-7.1.2.tgz 45ms
606 silly pacote range manifest for mocha@^7.1.1 fetched in 82ms
607 silly resolveWithNewModule mocha@7.1.2 checking installable status
608 http fetch GET 200 https://registry.npmjs.org/debug/-/debug-3.2.6.tgz 7ms (from cache)
609 silly pacote version manifest for debug@3.2.6 fetched in 18ms
610 silly resolveWithNewModule debug@3.2.6 checking installable status
611 http fetch GET 200 https://registry.npmjs.org/chokidar/-/chokidar-3.3.0.tgz 42ms
612 http fetch GET 200 https://registry.npmjs.org/browser-stdout 55ms
613 http fetch GET 200 https://registry.npmjs.org/escape-string-regexp 56ms
614 http fetch GET 200 https://registry.npmjs.org/he 53ms
615 http fetch GET 200 https://registry.npmjs.org/ansi-colors 59ms
616 http fetch GET 200 https://registry.npmjs.org/diff 59ms
617 http fetch GET 200 https://registry.npmjs.org/glob 60ms
618 http fetch GET 200 https://registry.npmjs.org/js-yaml 45ms
619 http fetch GET 200 https://registry.npmjs.org/find-up 66ms
620 http fetch GET 200 https://registry.npmjs.org/growl 70ms
621 silly pacote version manifest for chokidar@3.3.0 fetched in 75ms
622 silly resolveWithNewModule chokidar@3.3.0 checking installable status
623 http fetch GET 200 https://registry.npmjs.org/browser-stdout/-/browser-stdout-1.3.1.tgz 31ms
624 silly pacote version manifest for browser-stdout@1.3.1 fetched in 127ms
625 silly resolveWithNewModule browser-stdout@1.3.1 checking installable status
626 http fetch GET 200 https://registry.npmjs.org/glob/-/glob-7.1.3.tgz 61ms
627 http fetch GET 200 https://registry.npmjs.org/ansi-colors/-/ansi-colors-3.2.3.tgz 65ms
628 http fetch GET 200 https://registry.npmjs.org/he/-/he-1.2.0.tgz 70ms
629 http fetch GET 200 https://registry.npmjs.org/growl/-/growl-1.10.5.tgz 58ms
630 http fetch GET 200 https://registry.npmjs.org/log-symbols 55ms
631 http fetch GET 200 https://registry.npmjs.org/escape-string-regexp/-/escape-string-regexp-1.0.5.tgz 73ms
632 http fetch GET 200 https://registry.npmjs.org/js-yaml/-/js-yaml-3.13.1.tgz 65ms
633 http fetch GET 200 https://registry.npmjs.org/diff/-/diff-3.5.0.tgz 73ms
634 http fetch GET 200 https://registry.npmjs.org/find-up/-/find-up-3.0.0.tgz 68ms
635 silly pacote version manifest for glob@7.1.3 fetched in 142ms
636 silly resolveWithNewModule glob@7.1.3 checking installable status
637 silly pacote version manifest for ansi-colors@3.2.3 fetched in 147ms
638 silly resolveWithNewModule ansi-colors@3.2.3 checking installable status
639 silly pacote version manifest for he@1.2.0 fetched in 144ms
640 silly resolveWithNewModule he@1.2.0 checking installable status
641 silly pacote version manifest for growl@1.10.5 fetched in 144ms
642 silly resolveWithNewModule growl@1.10.5 checking installable status
643 silly pacote version manifest for escape-string-regexp@1.0.5 fetched in 150ms
644 silly resolveWithNewModule escape-string-regexp@1.0.5 checking installable status
645 silly pacote version manifest for js-yaml@3.13.1 fetched in 133ms
646 silly resolveWithNewModule js-yaml@3.13.1 checking installable status
647 silly pacote version manifest for diff@3.5.0 fetched in 154ms
648 silly resolveWithNewModule diff@3.5.0 checking installable status
649 silly pacote version manifest for find-up@3.0.0 fetched in 153ms
650 silly resolveWithNewModule find-up@3.0.0 checking installable status
651 silly pacote version manifest for ms@2.1.1 fetched in 12ms
652 silly resolveWithNewModule ms@2.1.1 checking installable status
653 http fetch GET 200 https://registry.npmjs.org/mkdirp/-/mkdirp-0.5.5.tgz 15ms (from cache)
654 http fetch GET 200 https://registry.npmjs.org/minimatch 38ms
655 http fetch GET 200 https://registry.npmjs.org/log-symbols/-/log-symbols-3.0.0.tgz 35ms
656 silly pacote version manifest for mkdirp@0.5.5 fetched in 25ms
657 silly resolveWithNewModule mkdirp@0.5.5 checking installable status
658 silly pacote version manifest for log-symbols@3.0.0 fetched in 97ms
659 silly resolveWithNewModule log-symbols@3.0.0 checking installable status
660 http fetch GET 200 https://registry.npmjs.org/object.assign 70ms
661 http fetch GET 200 https://registry.npmjs.org/strip-json-comments 71ms
662 http fetch GET 200 https://registry.npmjs.org/node-environment-flags 77ms
663 http fetch GET 200 https://registry.npmjs.org/which 69ms
664 http fetch GET 200 https://registry.npmjs.org/yargs 65ms
665 http fetch GET 200 https://registry.npmjs.org/wide-align 74ms
666 http fetch GET 200 https://registry.npmjs.org/supports-color/-/supports-color-6.0.0.tgz 73ms
667 http fetch GET 200 https://registry.npmjs.org/yargs-unparser 56ms
668 http fetch GET 200 https://registry.npmjs.org/minimatch/-/minimatch-3.0.4.tgz 67ms
669 http fetch GET 200 https://registry.npmjs.org/yargs-parser 64ms
670 silly pacote version manifest for supports-color@6.0.0 fetched in 172ms
671 silly resolveWithNewModule supports-color@6.0.0 checking installable status
672 silly pacote version manifest for minimatch@3.0.4 fetched in 198ms
673 silly resolveWithNewModule minimatch@3.0.4 checking installable status
674 http fetch GET 200 https://registry.npmjs.org/object.assign/-/object.assign-4.1.0.tgz 103ms
675 http fetch GET 200 https://registry.npmjs.org/which/-/which-1.3.1.tgz 96ms
676 http fetch GET 200 https://registry.npmjs.org/node-environment-flags/-/node-environment-flags-1.0.6.tgz 97ms
677 http fetch GET 200 https://registry.npmjs.org/yargs-unparser/-/yargs-unparser-1.6.0.tgz 94ms
678 http fetch GET 200 https://registry.npmjs.org/yargs/-/yargs-13.3.2.tgz 98ms
679 http fetch GET 200 https://registry.npmjs.org/wide-align/-/wide-align-1.1.3.tgz 95ms
680 http fetch GET 200 https://registry.npmjs.org/strip-json-comments/-/strip-json-comments-2.0.1.tgz 103ms
681 silly pacote version manifest for object.assign@4.1.0 fetched in 195ms
682 silly resolveWithNewModule object.assign@4.1.0 checking installable status
683 silly pacote version manifest for which@1.3.1 fetched in 190ms
684 silly resolveWithNewModule which@1.3.1 checking installable status
685 silly pacote version manifest for node-environment-flags@1.0.6 fetched in 199ms
686 silly resolveWithNewModule node-environment-flags@1.0.6 checking installable status
687 silly pacote version manifest for yargs-unparser@1.6.0 fetched in 172ms
688 silly resolveWithNewModule yargs-unparser@1.6.0 checking installable status
689 silly pacote version manifest for yargs@13.3.2 fetched in 187ms
690 silly resolveWithNewModule yargs@13.3.2 checking installable status
691 silly pacote version manifest for wide-align@1.1.3 fetched in 192ms
692 silly resolveWithNewModule wide-align@1.1.3 checking installable status
693 silly pacote version manifest for strip-json-comments@2.0.1 fetched in 196ms
694 silly resolveWithNewModule strip-json-comments@2.0.1 checking installable status
695 http fetch GET 200 https://registry.npmjs.org/yargs-parser/-/yargs-parser-13.1.2.tgz 91ms
696 silly pacote version manifest for yargs-parser@13.1.2 fetched in 180ms
697 silly resolveWithNewModule yargs-parser@13.1.2 checking installable status
698 http fetch GET 200 https://registry.npmjs.org/readdirp/-/readdirp-3.2.0.tgz 27ms
699 silly pacote range manifest for readdirp@~3.2.0 fetched in 30ms
700 silly resolveWithNewModule readdirp@3.2.0 checking installable status
701 http fetch GET 200 https://registry.npmjs.org/locate-path 26ms
702 http fetch GET 200 https://registry.npmjs.org/locate-path/-/locate-path-3.0.0.tgz 26ms
703 silly pacote range manifest for locate-path@^3.0.0 fetched in 56ms
704 silly resolveWithNewModule locate-path@3.0.0 checking installable status
705 http fetch GET 200 https://registry.npmjs.org/path-exists 25ms
706 http fetch GET 200 https://registry.npmjs.org/p-locate 31ms
707 http fetch GET 200 https://registry.npmjs.org/path-exists/-/path-exists-3.0.0.tgz 27ms
708 silly pacote range manifest for path-exists@^3.0.0 fetched in 54ms
709 silly resolveWithNewModule path-exists@3.0.0 checking installable status
710 http fetch GET 200 https://registry.npmjs.org/p-locate/-/p-locate-3.0.0.tgz 36ms
711 silly pacote range manifest for p-locate@^3.0.0 fetched in 69ms
712 silly resolveWithNewModule p-locate@3.0.0 checking installable status
713 http fetch GET 200 https://registry.npmjs.org/p-limit 24ms
714 http fetch GET 200 https://registry.npmjs.org/p-limit/-/p-limit-2.3.0.tgz 25ms
715 silly pacote range manifest for p-limit@^2.0.0 fetched in 52ms
716 silly resolveWithNewModule p-limit@2.3.0 checking installable status
717 http fetch GET 200 https://registry.npmjs.org/p-try 44ms
718 http fetch GET 200 https://registry.npmjs.org/p-try/-/p-try-2.2.0.tgz 29ms
719 silly pacote range manifest for p-try@^2.0.0 fetched in 75ms
720 silly resolveWithNewModule p-try@2.2.0 checking installable status
721 http fetch GET 200 https://registry.npmjs.org/path-is-absolute 31ms
722 http fetch GET 200 https://registry.npmjs.org/fs.realpath 33ms
723 http fetch GET 200 https://registry.npmjs.org/inflight 35ms
724 http fetch GET 200 https://registry.npmjs.org/once 35ms
725 http fetch GET 200 https://registry.npmjs.org/path-is-absolute/-/path-is-absolute-1.0.1.tgz 33ms
726 http fetch GET 200 https://registry.npmjs.org/once/-/once-1.4.0.tgz 30ms
727 http fetch GET 200 https://registry.npmjs.org/fs.realpath/-/fs.realpath-1.0.0.tgz 35ms
728 http fetch GET 200 https://registry.npmjs.org/inflight/-/inflight-1.0.6.tgz 34ms
729 silly pacote range manifest for path-is-absolute@^1.0.0 fetched in 74ms
730 silly resolveWithNewModule path-is-absolute@1.0.1 checking installable status
731 silly pacote range manifest for once@^1.3.0 fetched in 75ms
732 silly resolveWithNewModule once@1.4.0 checking installable status
733 silly pacote range manifest for fs.realpath@^1.0.0 fetched in 77ms
734 silly resolveWithNewModule fs.realpath@1.0.0 checking installable status
735 silly pacote range manifest for inflight@^1.0.4 fetched in 76ms
736 silly resolveWithNewModule inflight@1.0.6 checking installable status
737 http fetch GET 200 https://registry.npmjs.org/wrappy 29ms
738 http fetch GET 200 https://registry.npmjs.org/wrappy/-/wrappy-1.0.2.tgz 24ms
739 silly pacote range manifest for wrappy@1 fetched in 57ms
740 silly resolveWithNewModule wrappy@1.0.2 checking installable status
741 http fetch GET 200 https://registry.npmjs.org/brace-expansion 31ms
742 http fetch GET 200 https://registry.npmjs.org/brace-expansion/-/brace-expansion-1.1.11.tgz 29ms
743 silly pacote range manifest for brace-expansion@^1.1.7 fetched in 61ms
744 silly resolveWithNewModule brace-expansion@1.1.11 checking installable status
745 http fetch GET 200 https://registry.npmjs.org/concat-map 24ms
746 http fetch GET 200 https://registry.npmjs.org/balanced-match 27ms
747 http fetch GET 200 https://registry.npmjs.org/concat-map/-/concat-map-0.0.1.tgz 29ms
748 http fetch GET 200 https://registry.npmjs.org/balanced-match/-/balanced-match-1.0.0.tgz 27ms
749 silly pacote version manifest for concat-map@0.0.1 fetched in 57ms
750 silly resolveWithNewModule concat-map@0.0.1 checking installable status
751 silly pacote range manifest for balanced-match@^1.0.0 fetched in 58ms
752 silly resolveWithNewModule balanced-match@1.0.0 checking installable status
753 silly pacote range manifest for esprima@^4.0.0 fetched in 2ms
754 silly resolveWithNewModule esprima@4.0.1 checking installable status
755 http fetch GET 200 https://registry.npmjs.org/argparse 32ms
756 http fetch GET 200 https://registry.npmjs.org/argparse/-/argparse-1.0.10.tgz 28ms
757 silly pacote range manifest for argparse@^1.0.7 fetched in 63ms
758 silly resolveWithNewModule argparse@1.0.10 checking installable status
759 http fetch GET 200 https://registry.npmjs.org/sprintf-js/-/sprintf-js-1.0.3.tgz 34ms
760 silly pacote range manifest for sprintf-js@~1.0.2 fetched in 36ms
761 silly resolveWithNewModule sprintf-js@1.0.3 checking installable status
762 http fetch GET 200 https://registry.npmjs.org/chalk/-/chalk-2.4.2.tgz 37ms
763 silly pacote range manifest for chalk@^2.4.2 fetched in 40ms
764 silly resolveWithNewModule chalk@2.4.2 checking installable status
765 http fetch GET 200 https://registry.npmjs.org/supports-color/-/supports-color-5.5.0.tgz 23ms
766 silly pacote range manifest for supports-color@^5.3.0 fetched in 27ms
767 silly resolveWithNewModule supports-color@5.5.0 checking installable status
768 http fetch GET 200 https://registry.npmjs.org/ansi-styles/-/ansi-styles-3.2.1.tgz 38ms
769 silly pacote range manifest for ansi-styles@^3.2.1 fetched in 40ms
770 silly resolveWithNewModule ansi-styles@3.2.1 checking installable status
771 http fetch GET 200 https://registry.npmjs.org/color-convert/-/color-convert-1.9.3.tgz 31ms
772 silly pacote range manifest for color-convert@^1.9.0 fetched in 34ms
773 silly resolveWithNewModule color-convert@1.9.3 checking installable status
774 http fetch GET 200 https://registry.npmjs.org/color-name/-/color-name-1.1.3.tgz 26ms
775 silly pacote version manifest for color-name@1.1.3 fetched in 28ms
776 silly resolveWithNewModule color-name@1.1.3 checking installable status
777 http fetch GET 200 https://registry.npmjs.org/has-flag/-/has-flag-3.0.0.tgz 27ms
778 silly pacote range manifest for has-flag@^3.0.0 fetched in 30ms
779 silly resolveWithNewModule has-flag@3.0.0 checking installable status
780 http fetch GET 304 https://registry.npmjs.org/minimist 28ms (from cache)
781 silly pacote range manifest for minimist@^1.2.5 fetched in 30ms
782 silly resolveWithNewModule minimist@1.2.5 checking installable status
783 silly pacote range manifest for semver@^5.7.0 fetched in 4ms
784 silly resolveWithNewModule semver@5.7.1 checking installable status
785 http fetch GET 200 https://registry.npmjs.org/object.getownpropertydescriptors 27ms
786 http fetch GET 200 https://registry.npmjs.org/object.getownpropertydescriptors/-/object.getownpropertydescriptors-2.1.0.tgz 24ms
787 silly pacote range manifest for object.getownpropertydescriptors@^2.0.3 fetched in 54ms
788 silly resolveWithNewModule object.getownpropertydescriptors@2.1.0 checking installable status
789 http fetch GET 200 https://registry.npmjs.org/define-properties 24ms
790 http fetch GET 200 https://registry.npmjs.org/es-abstract 29ms
791 http fetch GET 200 https://registry.npmjs.org/define-properties/-/define-properties-1.1.3.tgz 26ms
792 silly pacote range manifest for define-properties@^1.1.3 fetched in 53ms
793 silly resolveWithNewModule define-properties@1.1.3 checking installable status
794 http fetch GET 200 https://registry.npmjs.org/es-abstract/-/es-abstract-1.17.5.tgz 48ms
795 silly pacote range manifest for es-abstract@^1.17.0-next.1 fetched in 81ms
796 silly resolveWithNewModule es-abstract@1.17.5 checking installable status
797 http fetch GET 200 https://registry.npmjs.org/object-keys 30ms
798 http fetch GET 200 https://registry.npmjs.org/object-keys/-/object-keys-1.1.1.tgz 28ms
799 silly pacote range manifest for object-keys@^1.0.12 fetched in 61ms
800 silly resolveWithNewModule object-keys@1.1.1 checking installable status
801 http fetch GET 200 https://registry.npmjs.org/has 42ms
802 http fetch GET 200 https://registry.npmjs.org/has-symbols 43ms
803 http fetch GET 200 https://registry.npmjs.org/string.prototype.trimleft 42ms
804 http fetch GET 200 https://registry.npmjs.org/is-regex 42ms
805 http fetch GET 200 https://registry.npmjs.org/function-bind 46ms
806 http fetch GET 200 https://registry.npmjs.org/string.prototype.trimright 44ms
807 http fetch GET 200 https://registry.npmjs.org/object-inspect 48ms
808 http fetch GET 200 https://registry.npmjs.org/es-to-primitive 53ms
809 http fetch GET 200 https://registry.npmjs.org/is-callable 52ms
810 http fetch GET 200 https://registry.npmjs.org/has/-/has-1.0.3.tgz 50ms
811 http fetch GET 200 https://registry.npmjs.org/has-symbols/-/has-symbols-1.0.1.tgz 53ms
812 http fetch GET 200 https://registry.npmjs.org/object-inspect/-/object-inspect-1.7.0.tgz 47ms
813 http fetch GET 200 https://registry.npmjs.org/string.prototype.trimright/-/string.prototype.trimright-2.1.2.tgz 50ms
814 http fetch GET 200 https://registry.npmjs.org/es-to-primitive/-/es-to-primitive-1.2.1.tgz 46ms
815 http fetch GET 200 https://registry.npmjs.org/is-callable/-/is-callable-1.1.5.tgz 46ms
816 http fetch GET 200 https://registry.npmjs.org/function-bind/-/function-bind-1.1.1.tgz 52ms
817 http fetch GET 200 https://registry.npmjs.org/is-regex/-/is-regex-1.0.5.tgz 57ms
818 http fetch GET 200 https://registry.npmjs.org/string.prototype.trimleft/-/string.prototype.trimleft-2.1.2.tgz 58ms
819 silly pacote range manifest for has@^1.0.3 fetched in 109ms
820 silly resolveWithNewModule has@1.0.3 checking installable status
821 silly pacote range manifest for has-symbols@^1.0.1 fetched in 111ms
822 silly resolveWithNewModule has-symbols@1.0.1 checking installable status
823 silly pacote range manifest for object-inspect@^1.7.0 fetched in 110ms
824 silly resolveWithNewModule object-inspect@1.7.0 checking installable status
825 silly pacote range manifest for string.prototype.trimright@^2.1.1 fetched in 112ms
826 silly resolveWithNewModule string.prototype.trimright@2.1.2 checking installable status
827 silly pacote range manifest for es-to-primitive@^1.2.1 fetched in 115ms
828 silly resolveWithNewModule es-to-primitive@1.2.1 checking installable status
829 silly pacote range manifest for is-callable@^1.1.5 fetched in 114ms
830 silly resolveWithNewModule is-callable@1.1.5 checking installable status
831 silly pacote range manifest for function-bind@^1.1.1 fetched in 116ms
832 silly resolveWithNewModule function-bind@1.1.1 checking installable status
833 silly pacote range manifest for is-regex@^1.0.5 fetched in 114ms
834 silly resolveWithNewModule is-regex@1.0.5 checking installable status
835 silly pacote range manifest for string.prototype.trimleft@^2.1.1 fetched in 115ms
836 silly resolveWithNewModule string.prototype.trimleft@2.1.2 checking installable status
837 http fetch GET 200 https://registry.npmjs.org/is-date-object 27ms
838 http fetch GET 200 https://registry.npmjs.org/is-symbol 28ms
839 http fetch GET 200 https://registry.npmjs.org/is-symbol/-/is-symbol-1.0.3.tgz 25ms
840 http fetch GET 200 https://registry.npmjs.org/is-date-object/-/is-date-object-1.0.2.tgz 28ms
841 silly pacote range manifest for is-symbol@^1.0.2 fetched in 57ms
842 silly resolveWithNewModule is-symbol@1.0.3 checking installable status
843 silly pacote range manifest for is-date-object@^1.0.1 fetched in 59ms
844 silly resolveWithNewModule is-date-object@1.0.2 checking installable status
845 http fetch GET 200 https://registry.npmjs.org/string.prototype.trimstart 26ms
846 http fetch GET 200 https://registry.npmjs.org/string.prototype.trimstart/-/string.prototype.trimstart-1.0.1.tgz 35ms
847 silly pacote range manifest for string.prototype.trimstart@^1.0.0 fetched in 74ms
848 silly resolveWithNewModule string.prototype.trimstart@1.0.1 checking installable status
849 http fetch GET 200 https://registry.npmjs.org/string.prototype.trimend 34ms
850 http fetch GET 200 https://registry.npmjs.org/string.prototype.trimend/-/string.prototype.trimend-1.0.1.tgz 37ms
851 silly pacote range manifest for string.prototype.trimend@^1.0.0 fetched in 74ms
852 silly resolveWithNewModule string.prototype.trimend@1.0.1 checking installable status
853 silly pacote range manifest for has-flag@^3.0.0 fetched in 1ms
854 silly resolveWithNewModule has-flag@3.0.0 checking installable status
855 http fetch GET 200 https://registry.npmjs.org/isexe 28ms
856 http fetch GET 200 https://registry.npmjs.org/isexe/-/isexe-2.0.0.tgz 36ms
857 silly pacote range manifest for isexe@^2.0.0 fetched in 67ms
858 silly resolveWithNewModule isexe@2.0.0 checking installable status
859 http fetch GET 200 https://registry.npmjs.org/string-width 35ms
860 http fetch GET 200 https://registry.npmjs.org/string-width/-/string-width-2.1.1.tgz 28ms
861 silly pacote range manifest for string-width@^1.0.2 || 2 fetched in 65ms
862 silly resolveWithNewModule string-width@2.1.1 checking installable status
863 http fetch GET 200 https://registry.npmjs.org/is-fullwidth-code-point 26ms
864 http fetch GET 200 https://registry.npmjs.org/strip-ansi 41ms
865 http fetch GET 200 https://registry.npmjs.org/is-fullwidth-code-point/-/is-fullwidth-code-point-2.0.0.tgz 23ms
866 silly pacote range manifest for is-fullwidth-code-point@^2.0.0 fetched in 53ms
867 silly resolveWithNewModule is-fullwidth-code-point@2.0.0 checking installable status
868 http fetch GET 200 https://registry.npmjs.org/strip-ansi/-/strip-ansi-4.0.0.tgz 25ms
869 silly pacote range manifest for strip-ansi@^4.0.0 fetched in 69ms
870 silly resolveWithNewModule strip-ansi@4.0.0 checking installable status
871 http fetch GET 200 https://registry.npmjs.org/ansi-regex 22ms
872 http fetch GET 200 https://registry.npmjs.org/ansi-regex/-/ansi-regex-3.0.0.tgz 29ms
873 silly pacote range manifest for ansi-regex@^3.0.0 fetched in 54ms
874 silly resolveWithNewModule ansi-regex@3.0.0 checking installable status
875 http fetch GET 200 https://registry.npmjs.org/cliui 39ms
876 http fetch GET 200 https://registry.npmjs.org/require-main-filename 39ms
877 http fetch GET 200 https://registry.npmjs.org/require-directory 40ms
878 http fetch GET 200 https://registry.npmjs.org/string-width/-/string-width-3.1.0.tgz 36ms
879 http fetch GET 200 https://registry.npmjs.org/set-blocking 39ms
880 http fetch GET 200 https://registry.npmjs.org/which-module 44ms
881 http fetch GET 200 https://registry.npmjs.org/get-caller-file 52ms
882 silly pacote range manifest for string-width@^3.0.0 fetched in 54ms
883 silly resolveWithNewModule string-width@3.1.0 checking installable status
884 http fetch GET 200 https://registry.npmjs.org/y18n 54ms
885 http fetch GET 200 https://registry.npmjs.org/cliui/-/cliui-5.0.0.tgz 48ms
886 http fetch GET 200 https://registry.npmjs.org/require-main-filename/-/require-main-filename-2.0.0.tgz 49ms
887 http fetch GET 200 https://registry.npmjs.org/set-blocking/-/set-blocking-2.0.0.tgz 45ms
888 http fetch GET 200 https://registry.npmjs.org/get-caller-file/-/get-caller-file-2.0.5.tgz 38ms
889 http fetch GET 200 https://registry.npmjs.org/require-directory/-/require-directory-2.1.1.tgz 46ms
890 http fetch GET 200 https://registry.npmjs.org/which-module/-/which-module-2.0.0.tgz 44ms
891 http fetch GET 200 https://registry.npmjs.org/y18n/-/y18n-4.0.0.tgz 43ms
892 silly pacote range manifest for cliui@^5.0.0 fetched in 101ms
893 silly resolveWithNewModule cliui@5.0.0 checking installable status
894 silly pacote range manifest for require-main-filename@^2.0.0 fetched in 101ms
895 silly resolveWithNewModule require-main-filename@2.0.0 checking installable status
896 silly pacote range manifest for set-blocking@^2.0.0 fetched in 102ms
897 silly resolveWithNewModule set-blocking@2.0.0 checking installable status
898 silly pacote range manifest for get-caller-file@^2.0.1 fetched in 102ms
899 silly resolveWithNewModule get-caller-file@2.0.5 checking installable status
900 silly pacote range manifest for require-directory@^2.1.1 fetched in 103ms
901 silly resolveWithNewModule require-directory@2.1.1 checking installable status
902 silly pacote range manifest for which-module@^2.0.0 fetched in 102ms
903 silly resolveWithNewModule which-module@2.0.0 checking installable status
904 silly pacote range manifest for y18n@^4.0.0 fetched in 103ms
905 silly resolveWithNewModule y18n@4.0.0 checking installable status
906 silly pacote range manifest for string-width@^3.1.0 fetched in 4ms
907 silly resolveWithNewModule string-width@3.1.0 checking installable status
908 http fetch GET 200 https://registry.npmjs.org/wrap-ansi 33ms
909 http fetch GET 200 https://registry.npmjs.org/strip-ansi/-/strip-ansi-5.2.0.tgz 33ms
910 silly pacote range manifest for strip-ansi@^5.2.0 fetched in 37ms
911 silly resolveWithNewModule strip-ansi@5.2.0 checking installable status
912 http fetch GET 200 https://registry.npmjs.org/wrap-ansi/-/wrap-ansi-5.1.0.tgz 24ms
913 silly pacote range manifest for wrap-ansi@^5.1.0 fetched in 59ms
914 silly resolveWithNewModule wrap-ansi@5.1.0 checking installable status
915 http fetch GET 200 https://registry.npmjs.org/emoji-regex 28ms
916 http fetch GET 200 https://registry.npmjs.org/emoji-regex/-/emoji-regex-7.0.3.tgz 26ms
917 silly pacote range manifest for emoji-regex@^7.0.1 fetched in 58ms
918 silly resolveWithNewModule emoji-regex@7.0.3 checking installable status
919 http fetch GET 200 https://registry.npmjs.org/ansi-regex/-/ansi-regex-4.1.0.tgz 24ms
920 silly pacote range manifest for ansi-regex@^4.1.0 fetched in 26ms
921 silly resolveWithNewModule ansi-regex@4.1.0 checking installable status
922 silly pacote range manifest for ansi-styles@^3.2.0 fetched in 2ms
923 silly resolveWithNewModule ansi-styles@3.2.1 checking installable status
924 silly pacote range manifest for string-width@^3.0.0 fetched in 2ms
925 silly resolveWithNewModule string-width@3.1.0 checking installable status
926 silly pacote range manifest for strip-ansi@^5.0.0 fetched in 3ms
927 silly resolveWithNewModule strip-ansi@5.2.0 checking installable status
928 silly pacote range manifest for color-convert@^1.9.0 fetched in 0ms
929 silly resolveWithNewModule color-convert@1.9.3 checking installable status
930 silly pacote version manifest for color-name@1.1.3 fetched in 1ms
931 silly resolveWithNewModule color-name@1.1.3 checking installable status
932 silly pacote range manifest for ansi-regex@^4.1.0 fetched in 1ms
933 silly resolveWithNewModule ansi-regex@4.1.0 checking installable status
934 silly pacote range manifest for strip-ansi@^5.1.0 fetched in 0ms
935 silly resolveWithNewModule strip-ansi@5.2.0 checking installable status
936 silly pacote range manifest for ansi-regex@^4.1.0 fetched in 1ms
937 silly resolveWithNewModule ansi-regex@4.1.0 checking installable status
938 http fetch GET 200 https://registry.npmjs.org/decamelize 30ms
939 http fetch GET 200 https://registry.npmjs.org/camelcase 32ms
940 http fetch GET 200 https://registry.npmjs.org/camelcase/-/camelcase-5.3.1.tgz 25ms
941 silly pacote range manifest for camelcase@^5.0.0 fetched in 62ms
942 silly resolveWithNewModule camelcase@5.3.1 checking installable status
943 http fetch GET 200 https://registry.npmjs.org/decamelize/-/decamelize-1.2.0.tgz 30ms
944 silly pacote range manifest for decamelize@^1.2.0 fetched in 64ms
945 silly resolveWithNewModule decamelize@1.2.0 checking installable status
946 http fetch GET 200 https://registry.npmjs.org/flat 24ms
947 http fetch GET 200 https://registry.npmjs.org/flat/-/flat-4.1.0.tgz 29ms
948 silly pacote range manifest for flat@^4.1.0 fetched in 56ms
949 silly resolveWithNewModule flat@4.1.0 checking installable status
950 http fetch GET 200 https://registry.npmjs.org/is-buffer 25ms
951 http fetch GET 200 https://registry.npmjs.org/is-buffer/-/is-buffer-2.0.4.tgz 27ms
952 silly pacote range manifest for is-buffer@~2.0.3 fetched in 54ms
953 silly resolveWithNewModule is-buffer@2.0.4 checking installable status
954 http fetch GET 200 https://registry.npmjs.org/moment-timezone 30ms
955 http fetch GET 200 https://registry.npmjs.org/moment-timezone/-/moment-timezone-0.5.28.tgz 49ms
956 silly pacote range manifest for moment-timezone@^0.5.x fetched in 85ms
957 silly resolveWithNewModule moment-timezone@0.5.28 checking installable status
958 http fetch GET 200 https://registry.npmjs.org/moment 25ms
959 http fetch GET 200 https://registry.npmjs.org/moment/-/moment-2.25.3.tgz 143ms
960 silly pacote range manifest for moment@>= 2.9.0 fetched in 206ms
961 silly resolveWithNewModule moment@2.25.3 checking installable status
962 silly pacote range manifest for debug@^3.2.6 fetched in 2ms
963 silly resolveWithNewModule debug@3.2.6 checking installable status
964 http fetch GET 200 https://registry.npmjs.org/sax 29ms
965 http fetch GET 200 https://registry.npmjs.org/sax/-/sax-1.2.4.tgz 27ms
966 silly pacote range manifest for sax@^1.2.4 fetched in 58ms
967 silly resolveWithNewModule sax@1.2.4 checking installable status
968 http fetch GET 200 https://registry.npmjs.org/tv4 32ms
969 http fetch GET 200 https://registry.npmjs.org/run-series 39ms
970 http fetch GET 200 https://registry.npmjs.org/run-series/-/run-series-1.1.8.tgz 48ms
971 http fetch GET 200 https://registry.npmjs.org/tv4/-/tv4-1.3.0.tgz 55ms
972 silly pacote range manifest for run-series@^1.1.8 fetched in 90ms
973 silly resolveWithNewModule run-series@1.1.8 checking installable status
974 silly pacote range manifest for tv4@^1.3.0 fetched in 91ms
975 silly resolveWithNewModule tv4@1.3.0 checking installable status
976 http fetch GET 200 https://registry.npmjs.org/charm 30ms
977 http fetch GET 200 https://registry.npmjs.org/charm/-/charm-0.1.2.tgz 30ms
978 silly pacote range manifest for charm@~0.1.1 fetched in 64ms
979 silly resolveWithNewModule charm@0.1.2 checking installable status
980 http fetch GET 200 https://registry.npmjs.org/read 24ms
981 http fetch GET 200 https://registry.npmjs.org/read/-/read-1.0.7.tgz 28ms
982 silly pacote range manifest for read@^1.0.4 fetched in 54ms
983 silly resolveWithNewModule read@1.0.7 checking installable status
984 http fetch GET 200 https://registry.npmjs.org/mute-stream 23ms
985 http fetch GET 200 https://registry.npmjs.org/mute-stream/-/mute-stream-0.0.8.tgz 28ms
986 silly pacote range manifest for mute-stream@~0.0.4 fetched in 54ms
987 silly resolveWithNewModule mute-stream@0.0.8 checking installable status
988 http fetch GET 304 https://registry.npmjs.org/buffer-from 36ms (from cache)
989 silly pacote range manifest for buffer-from@^1.0.0 fetched in 37ms
990 silly resolveWithNewModule buffer-from@1.1.1 checking installable status
991 http fetch GET 200 https://registry.npmjs.org/async/-/async-1.5.2.tgz 33ms
992 silly pacote range manifest for async@1.5 fetched in 37ms
993 silly resolveWithNewModule async@1.5.2 checking installable status
994 timing stage:loadIdealTree:loadAllDepsIntoIdealTree Completed in 8224ms
995 timing stage:loadIdealTree Completed in 8408ms
996 silly currentTree lib
997 silly idealTree lib
997 silly idealTree  pm2@4.4.0
997 silly idealTree    @opencensus/core@0.0.9
997 silly idealTree     semver@5.7.1
997 silly idealTree    @opencensus/propagation-b3@0.0.8
997 silly idealTree     @opencensus/core@0.0.8
997 silly idealTree     semver@5.7.1
997 silly idealTree    @pm2/agent-node@1.1.10
997 silly idealTree     debug@3.2.6
997 silly idealTree     ws@6.2.1
997 silly idealTree    @pm2/agent@1.0.4
997 silly idealTree     semver@7.2.3
997 silly idealTree    @pm2/io@4.3.5
997 silly idealTree     async@2.6.3
997 silly idealTree     eventemitter2@6.3.1
997 silly idealTree     semver@6.3.0
997 silly idealTree    @pm2/js-api@0.6.0
997 silly idealTree     async@2.6.3
997 silly idealTree     debug@3.2.6
997 silly idealTree     eventemitter2@6.3.1
997 silly idealTree    @pm2/pm2-version-check@1.0.3
997 silly idealTree    @types/color-name@1.1.1
997 silly idealTree    agent-base@4.3.0
997 silly idealTree    amp-message@0.1.2
997 silly idealTree    amp@0.3.1
997 silly idealTree    ansi-colors@3.2.3
997 silly idealTree    ansi-regex@3.0.0
997 silly idealTree    ansi-styles@4.2.1
997 silly idealTree    anymatch@3.1.1
997 silly idealTree    argparse@1.0.10
997 silly idealTree     sprintf-js@1.0.3
997 silly idealTree    ast-types@0.13.3
997 silly idealTree    async-limiter@1.0.1
997 silly idealTree    async-listener@0.6.10
997 silly idealTree     semver@5.7.1
997 silly idealTree    async@3.2.0
997 silly idealTree    axios@0.19.2
997 silly idealTree    balanced-match@1.0.0
997 silly idealTree    binary-extensions@2.0.0
997 silly idealTree    blessed@0.1.81
997 silly idealTree    brace-expansion@1.1.11
997 silly idealTree    braces@3.0.2
997 silly idealTree    browser-stdout@1.3.1
997 silly idealTree    buffer-from@1.1.1
997 silly idealTree    bytes@3.1.0
997 silly idealTree    camelcase@5.3.1
997 silly idealTree    chalk@3.0.0
997 silly idealTree    charm@0.1.2
997 silly idealTree    chokidar@3.4.0
997 silly idealTree    cli-tableau@2.0.0
997 silly idealTree    cliui@5.0.0
997 silly idealTree     ansi-regex@4.1.0
997 silly idealTree     string-width@3.1.0
997 silly idealTree     strip-ansi@5.2.0
997 silly idealTree    co@4.6.0
997 silly idealTree    color-convert@2.0.1
997 silly idealTree    color-name@1.1.4
997 silly idealTree    commander@2.15.1
997 silly idealTree    concat-map@0.0.1
997 silly idealTree    continuation-local-storage@3.2.1
997 silly idealTree    core-util-is@1.0.2
997 silly idealTree    cron@1.8.2
997 silly idealTree    data-uri-to-buffer@1.2.0
997 silly idealTree    dayjs@1.8.26
997 silly idealTree    debug@4.1.1
997 silly idealTree    decamelize@1.2.0
997 silly idealTree    deep-is@0.1.3
997 silly idealTree    define-properties@1.1.3
997 silly idealTree    degenerator@1.0.4
997 silly idealTree    depd@1.1.2
997 silly idealTree    diff@3.5.0
997 silly idealTree    emitter-listener@1.1.2
997 silly idealTree    emoji-regex@7.0.3
997 silly idealTree    enquirer@2.3.5
997 silly idealTree    es-abstract@1.17.5
997 silly idealTree    es-to-primitive@1.2.1
997 silly idealTree    es6-promise@4.2.8
997 silly idealTree    es6-promisify@5.0.0
997 silly idealTree    escape-regexp@0.0.1
997 silly idealTree    escape-string-regexp@1.0.5
997 silly idealTree    escodegen@1.14.1
997 silly idealTree     esprima@4.0.1
997 silly idealTree    esprima@3.1.3
997 silly idealTree    estraverse@4.3.0
997 silly idealTree    esutils@2.0.3
997 silly idealTree    eventemitter2@5.0.1
997 silly idealTree    extend@3.0.2
997 silly idealTree    fast-levenshtein@2.0.6
997 silly idealTree    fclone@1.0.11
997 silly idealTree    file-uri-to-path@1.0.0
997 silly idealTree    fill-range@7.0.1
997 silly idealTree    find-up@3.0.0
997 silly idealTree    flat@4.1.0
997 silly idealTree    follow-redirects@1.5.10
997 silly idealTree     debug@3.1.0
997 silly idealTree     ms@2.0.0
997 silly idealTree    fs.realpath@1.0.0
997 silly idealTree    fsevents@2.1.3
997 silly idealTree    ftp@0.3.10
997 silly idealTree     readable-stream@1.1.14
997 silly idealTree    function-bind@1.1.1
997 silly idealTree    get-caller-file@2.0.5
997 silly idealTree    get-uri@2.0.4
997 silly idealTree     debug@2.6.9
997 silly idealTree     ms@2.0.0
997 silly idealTree    glob-parent@5.1.1
997 silly idealTree    glob@7.1.3
997 silly idealTree    growl@1.10.5
997 silly idealTree    has-flag@4.0.0
997 silly idealTree    has-symbols@1.0.1
997 silly idealTree    has@1.0.3
997 silly idealTree    he@1.2.0
997 silly idealTree    http-errors@1.7.3
997 silly idealTree    http-proxy-agent@2.1.0
997 silly idealTree     debug@3.1.0
997 silly idealTree     ms@2.0.0
997 silly idealTree    https-proxy-agent@3.0.1
997 silly idealTree     debug@3.2.6
997 silly idealTree    iconv-lite@0.4.24
997 silly idealTree    inflight@1.0.6
997 silly idealTree    inherits@2.0.4
997 silly idealTree    ip@1.1.5
997 silly idealTree    is-binary-path@2.1.0
997 silly idealTree    is-buffer@2.0.4
997 silly idealTree    is-callable@1.1.5
997 silly idealTree    is-date-object@1.0.2
997 silly idealTree    is-extglob@2.1.1
997 silly idealTree    is-fullwidth-code-point@2.0.0
997 silly idealTree    is-glob@4.0.1
997 silly idealTree    is-number@7.0.0
997 silly idealTree    is-regex@1.0.5
997 silly idealTree    is-symbol@1.0.3
997 silly idealTree    isarray@0.0.1
997 silly idealTree    isexe@2.0.0
997 silly idealTree    js-yaml@3.13.1
997 silly idealTree     esprima@4.0.1
997 silly idealTree    lazy@1.0.11
997 silly idealTree    levn@0.3.0
997 silly idealTree    locate-path@3.0.0
997 silly idealTree    lodash@4.17.15
997 silly idealTree    log-driver@1.2.7
997 silly idealTree    log-symbols@3.0.0
997 silly idealTree     ansi-styles@3.2.1
997 silly idealTree     chalk@2.4.2
997 silly idealTree     color-convert@1.9.3
997 silly idealTree     color-name@1.1.3
997 silly idealTree     has-flag@3.0.0
997 silly idealTree     supports-color@5.5.0
997 silly idealTree    lru-cache@5.1.1
997 silly idealTree    minimatch@3.0.4
997 silly idealTree    minimist@1.2.5
997 silly idealTree    mkdirp@1.0.4
997 silly idealTree    mocha@7.1.2
997 silly idealTree     chokidar@3.3.0
997 silly idealTree     debug@3.2.6
997 silly idealTree     has-flag@3.0.0
997 silly idealTree     mkdirp@0.5.5
997 silly idealTree     ms@2.1.1
997 silly idealTree     readdirp@3.2.0
997 silly idealTree     supports-color@6.0.0
997 silly idealTree    module-details-from-path@1.0.3
997 silly idealTree    moment-timezone@0.5.28
997 silly idealTree    moment@2.25.3
997 silly idealTree    ms@2.1.2
997 silly idealTree    mute-stream@0.0.8
997 silly idealTree    needle@2.4.0
997 silly idealTree     debug@3.2.6
997 silly idealTree    netmask@1.0.6
997 silly idealTree    node-environment-flags@1.0.6
997 silly idealTree     semver@5.7.1
997 silly idealTree    normalize-path@3.0.0
997 silly idealTree    nssocket@0.6.0
997 silly idealTree     eventemitter2@0.4.14
997 silly idealTree    object-inspect@1.7.0
997 silly idealTree    object-keys@1.1.1
997 silly idealTree    object.assign@4.1.0
997 silly idealTree    object.getownpropertydescriptors@2.1.0
997 silly idealTree    once@1.4.0
997 silly idealTree    optionator@0.8.3
997 silly idealTree    p-limit@2.3.0
997 silly idealTree    p-locate@3.0.0
997 silly idealTree    p-try@2.2.0
997 silly idealTree    pac-proxy-agent@3.0.1
997 silly idealTree    pac-resolver@3.0.0
997 silly idealTree    path-exists@3.0.0
997 silly idealTree    path-is-absolute@1.0.1
997 silly idealTree    path-parse@1.0.6
997 silly idealTree    picomatch@2.2.2
997 silly idealTree    pidusage@2.0.18
997 silly idealTree    pm2-axon-rpc@0.5.1
997 silly idealTree     debug@3.2.6
997 silly idealTree    pm2-axon@3.3.0
997 silly idealTree     debug@3.2.6
997 silly idealTree    pm2-deploy@1.0.2
997 silly idealTree    pm2-multimeter@0.1.2
997 silly idealTree    prelude-ls@1.1.2
997 silly idealTree    process-nextick-args@2.0.1
997 silly idealTree    promptly@2.2.0
997 silly idealTree    proxy-agent@3.1.1
997 silly idealTree    proxy-from-env@1.1.0
997 silly idealTree    ps-list@6.3.0
997 silly idealTree    raw-body@2.4.1
997 silly idealTree    read@1.0.7
997 silly idealTree    readable-stream@2.3.7
997 silly idealTree     isarray@1.0.0
997 silly idealTree     string_decoder@1.1.1
997 silly idealTree    readdirp@3.4.0
997 silly idealTree    require-directory@2.1.1
997 silly idealTree    require-in-the-middle@5.0.3
997 silly idealTree    require-main-filename@2.0.0
997 silly idealTree    resolve@1.17.0
997 silly idealTree    run-series@1.1.8
997 silly idealTree    safe-buffer@5.1.2
997 silly idealTree    safer-buffer@2.1.2
997 silly idealTree    sax@1.2.4
997 silly idealTree    semver@7.3.2
997 silly idealTree    set-blocking@2.0.0
997 silly idealTree    setprototypeof@1.1.1
997 silly idealTree    shimmer@1.2.1
997 silly idealTree    signal-exit@3.0.3
997 silly idealTree    smart-buffer@4.1.0
997 silly idealTree    socks-proxy-agent@4.0.2
997 silly idealTree     agent-base@4.2.1
997 silly idealTree    socks@2.3.3
997 silly idealTree    source-map-support@0.5.16
997 silly idealTree    source-map@0.6.1
997 silly idealTree    sprintf-js@1.1.2
997 silly idealTree    statuses@1.5.0
997 silly idealTree    string_decoder@0.10.31
997 silly idealTree    string-width@2.1.1
997 silly idealTree    string.prototype.trimend@1.0.1
997 silly idealTree    string.prototype.trimleft@2.1.2
997 silly idealTree    string.prototype.trimright@2.1.2
997 silly idealTree    string.prototype.trimstart@1.0.1
997 silly idealTree    strip-ansi@4.0.0
997 silly idealTree    strip-json-comments@2.0.1
997 silly idealTree    supports-color@7.1.0
997 silly idealTree    systeminformation@4.24.1
997 silly idealTree    thunkify@2.1.2
997 silly idealTree    to-regex-range@5.0.1
997 silly idealTree    toidentifier@1.0.0
997 silly idealTree    tslib@1.9.3
997 silly idealTree    tv4@1.3.0
997 silly idealTree    type-check@0.3.2
997 silly idealTree    unpipe@1.0.0
997 silly idealTree    util-deprecate@1.0.2
997 silly idealTree    uuid@3.4.0
997 silly idealTree    vizion@0.2.13
997 silly idealTree     async@1.5.2
997 silly idealTree    which-module@2.0.0
997 silly idealTree    which@1.3.1
997 silly idealTree    wide-align@1.1.3
997 silly idealTree    word-wrap@1.2.3
997 silly idealTree    wrap-ansi@5.1.0
997 silly idealTree     ansi-regex@4.1.0
997 silly idealTree     ansi-styles@3.2.1
997 silly idealTree     color-convert@1.9.3
997 silly idealTree     color-name@1.1.3
997 silly idealTree     string-width@3.1.0
997 silly idealTree     strip-ansi@5.2.0
997 silly idealTree    wrappy@1.0.2
997 silly idealTree    ws@7.2.5
997 silly idealTree    xregexp@2.0.0
997 silly idealTree    y18n@4.0.0
997 silly idealTree    yallist@3.1.1
997 silly idealTree    yamljs@0.3.0
997 silly idealTree    yargs-parser@13.1.2
997 silly idealTree    yargs-unparser@1.6.0
997 silly idealTree    yargs@13.3.2
997 silly idealTree      ansi-regex@4.1.0
997 silly idealTree      string-width@3.1.0
997 silly idealTree      strip-ansi@5.2.0
998 silly install generateActionsToTake
999 warn checkPermissions Missing write access to /usr/lib/node_modules
1000 timing stage:rollbackFailedOptional Completed in 1ms
1001 timing stage:runTopLevelLifecycles Completed in 8781ms
1002 warn optional SKIPPING OPTIONAL DEPENDENCY: fsevents@~2.1.2 (node_modules/pm2/node_modules/chokidar/node_modules/fsevents):
1003 warn notsup SKIPPING OPTIONAL DEPENDENCY: Unsupported platform for fsevents@2.1.3: wanted {"os":"darwin","arch":"any"} (current: {"os":"linux","arch":"x64"})
1004 verbose notsup SKIPPING OPTIONAL DEPENDENCY: Valid OS:    darwin
1004 verbose notsup SKIPPING OPTIONAL DEPENDENCY: Valid Arch:  any
1004 verbose notsup SKIPPING OPTIONAL DEPENDENCY: Actual OS:   linux
1004 verbose notsup SKIPPING OPTIONAL DEPENDENCY: Actual Arch: x64
1005 verbose stack Error: EACCES: permission denied, access '/usr/lib/node_modules'
1006 verbose cwd /home/ubuntu
1007 verbose Linux 5.3.0-1017-aws
1008 verbose argv "/usr/bin/node" "/usr/bin/npm" "install" "-g" "pm2"
1009 verbose node v12.16.3
1010 verbose npm  v6.14.4
1011 error code EACCES
1012 error syscall access
1013 error path /usr/lib/node_modules
1014 error errno -13
1015 error Error: EACCES: permission denied, access '/usr/lib/node_modules'
1015 error  [Error: EACCES: permission denied, access '/usr/lib/node_modules'] {
1015 error   errno: -13,
1015 error   code: 'EACCES',
1015 error   syscall: 'access',
1015 error   path: '/usr/lib/node_modules'
1015 error }
1016 error The operation was rejected by your operating system.
1016 error It is likely you do not have the permissions to access this file as the current user
1016 error
1016 error If you believe this might be a permissions issue, please double-check the
1016 error permissions of the file and its containing directories, or try running
1016 error the command again as root/Administrator.
1017 verbose exit [ -13, true ]
